{"D:\\lifeos-c\\server\\logger.ts": {"path":"D:\\lifeos-c\\server\\logger.ts","statementMap":{"0":{"start":{"line":8,"column":29},"end":{"line":8,"column":null}},"1":{"start":{"line":10,"column":16},"end":{"line":10,"column":null}},"2":{"start":{"line":11,"column":0},"end":{"line":13,"column":null}},"3":{"start":{"line":12,"column":2},"end":{"line":12,"column":null}},"4":{"start":{"line":16,"column":20},"end":{"line":24,"column":null}},"5":{"start":{"line":17,"column":16},"end":{"line":17,"column":null}},"6":{"start":{"line":18,"column":2},"end":{"line":22,"column":null}},"7":{"start":{"line":19,"column":4},"end":{"line":19,"column":null}},"8":{"start":{"line":21,"column":4},"end":{"line":21,"column":null}},"9":{"start":{"line":23,"column":2},"end":{"line":23,"column":null}},"10":{"start":{"line":26,"column":18},"end":{"line":31,"column":null}},"11":{"start":{"line":33,"column":22},"end":{"line":41,"column":null}},"12":{"start":{"line":38,"column":21},"end":{"line":38,"column":null}},"13":{"start":{"line":39,"column":4},"end":{"line":39,"column":null}},"14":{"start":{"line":43,"column":29},"end":{"line":70,"column":null}},"15":{"start":{"line":73,"column":22},"end":{"line":90,"column":null}},"16":{"start":{"line":75,"column":22},"end":{"line":75,"column":null}},"17":{"start":{"line":75,"column":68},"end":{"line":75,"column":113}},"18":{"start":{"line":76,"column":4},"end":{"line":76,"column":null}},"19":{"start":{"line":79,"column":22},"end":{"line":79,"column":null}},"20":{"start":{"line":79,"column":68},"end":{"line":79,"column":113}},"21":{"start":{"line":80,"column":4},"end":{"line":80,"column":null}},"22":{"start":{"line":83,"column":22},"end":{"line":83,"column":null}},"23":{"start":{"line":83,"column":68},"end":{"line":83,"column":146}},"24":{"start":{"line":84,"column":4},"end":{"line":84,"column":null}},"25":{"start":{"line":87,"column":22},"end":{"line":87,"column":null}},"26":{"start":{"line":87,"column":68},"end":{"line":87,"column":113}},"27":{"start":{"line":88,"column":4},"end":{"line":88,"column":null}}},"fnMap":{"0":{"name":"(anonymous_0)","decl":{"start":{"line":16,"column":28},"end":{"line":16,"column":36}},"loc":{"start":{"line":16,"column":45},"end":{"line":24,"column":1}},"line":16},"1":{"name":"(anonymous_1)","decl":{"start":{"line":37,"column":17},"end":{"line":37,"column":25}},"loc":{"start":{"line":37,"column":77},"end":{"line":40,"column":3}},"line":37},"2":{"name":"(anonymous_2)","decl":{"start":{"line":74,"column":2},"end":{"line":74,"column":9}},"loc":{"start":{"line":74,"column":45},"end":{"line":77,"column":null}},"line":74},"3":{"name":"(anonymous_3)","decl":{"start":{"line":75,"column":59},"end":{"line":75,"column":63}},"loc":{"start":{"line":75,"column":68},"end":{"line":75,"column":113}},"line":75},"4":{"name":"(anonymous_4)","decl":{"start":{"line":78,"column":2},"end":{"line":78,"column":9}},"loc":{"start":{"line":78,"column":45},"end":{"line":81,"column":null}},"line":78},"5":{"name":"(anonymous_5)","decl":{"start":{"line":79,"column":59},"end":{"line":79,"column":63}},"loc":{"start":{"line":79,"column":68},"end":{"line":79,"column":113}},"line":79},"6":{"name":"(anonymous_6)","decl":{"start":{"line":82,"column":2},"end":{"line":82,"column":10}},"loc":{"start":{"line":82,"column":46},"end":{"line":85,"column":null}},"line":82},"7":{"name":"(anonymous_7)","decl":{"start":{"line":83,"column":59},"end":{"line":83,"column":63}},"loc":{"start":{"line":83,"column":68},"end":{"line":83,"column":146}},"line":83},"8":{"name":"(anonymous_8)","decl":{"start":{"line":86,"column":2},"end":{"line":86,"column":10}},"loc":{"start":{"line":86,"column":46},"end":{"line":89,"column":null}},"line":86},"9":{"name":"(anonymous_9)","decl":{"start":{"line":87,"column":59},"end":{"line":87,"column":63}},"loc":{"start":{"line":87,"column":68},"end":{"line":87,"column":113}},"line":87}},"branchMap":{"0":{"loc":{"start":{"line":11,"column":0},"end":{"line":13,"column":null}},"type":"if","locations":[{"start":{"line":11,"column":0},"end":{"line":13,"column":null}},{"start":{},"end":{}}],"line":11},"1":{"loc":{"start":{"line":18,"column":2},"end":{"line":22,"column":null}},"type":"if","locations":[{"start":{"line":18,"column":2},"end":{"line":22,"column":null}},{"start":{"line":20,"column":9},"end":{"line":22,"column":null}}],"line":18},"2":{"loc":{"start":{"line":18,"column":6},"end":{"line":18,"column":32}},"type":"binary-expr","locations":[{"start":{"line":18,"column":6},"end":{"line":18,"column":15}},{"start":{"line":18,"column":15},"end":{"line":18,"column":32}}],"line":18},"3":{"loc":{"start":{"line":38,"column":21},"end":{"line":38,"column":null}},"type":"cond-expr","locations":[{"start":{"line":38,"column":59},"end":{"line":38,"column":88}},{"start":{"line":38,"column":88},"end":{"line":38,"column":null}}],"line":38},"4":{"loc":{"start":{"line":38,"column":21},"end":{"line":38,"column":59}},"type":"binary-expr","locations":[{"start":{"line":38,"column":21},"end":{"line":38,"column":34}},{"start":{"line":38,"column":34},"end":{"line":38,"column":59}}],"line":38},"5":{"loc":{"start":{"line":39,"column":62},"end":{"line":39,"column":null}},"type":"cond-expr","locations":[{"start":{"line":39,"column":70},"end":{"line":39,"column":85}},{"start":{"line":39,"column":85},"end":{"line":39,"column":null}}],"line":39},"6":{"loc":{"start":{"line":44,"column":2},"end":{"line":44,"column":null}},"type":"cond-expr","locations":[{"start":{"line":44,"column":49},"end":{"line":44,"column":58}},{"start":{"line":44,"column":58},"end":{"line":44,"column":null}}],"line":44},"7":{"loc":{"start":{"line":75,"column":22},"end":{"line":75,"column":null}},"type":"cond-expr","locations":[{"start":{"line":75,"column":40},"end":{"line":75,"column":129}},{"start":{"line":75,"column":129},"end":{"line":75,"column":null}}],"line":75},"8":{"loc":{"start":{"line":75,"column":68},"end":{"line":75,"column":113}},"type":"cond-expr","locations":[{"start":{"line":75,"column":92},"end":{"line":75,"column":112}},{"start":{"line":75,"column":112},"end":{"line":75,"column":113}}],"line":75},"9":{"loc":{"start":{"line":79,"column":22},"end":{"line":79,"column":null}},"type":"cond-expr","locations":[{"start":{"line":79,"column":40},"end":{"line":79,"column":129}},{"start":{"line":79,"column":129},"end":{"line":79,"column":null}}],"line":79},"10":{"loc":{"start":{"line":79,"column":68},"end":{"line":79,"column":113}},"type":"cond-expr","locations":[{"start":{"line":79,"column":92},"end":{"line":79,"column":112}},{"start":{"line":79,"column":112},"end":{"line":79,"column":113}}],"line":79},"11":{"loc":{"start":{"line":83,"column":22},"end":{"line":83,"column":null}},"type":"cond-expr","locations":[{"start":{"line":83,"column":40},"end":{"line":83,"column":162}},{"start":{"line":83,"column":162},"end":{"line":83,"column":null}}],"line":83},"12":{"loc":{"start":{"line":83,"column":68},"end":{"line":83,"column":146}},"type":"cond-expr","locations":[{"start":{"line":83,"column":93},"end":{"line":83,"column":145}},{"start":{"line":83,"column":145},"end":{"line":83,"column":146}}],"line":83},"13":{"loc":{"start":{"line":83,"column":93},"end":{"line":83,"column":145}},"type":"cond-expr","locations":[{"start":{"line":83,"column":114},"end":{"line":83,"column":124}},{"start":{"line":83,"column":124},"end":{"line":83,"column":145}}],"line":83},"14":{"loc":{"start":{"line":87,"column":22},"end":{"line":87,"column":null}},"type":"cond-expr","locations":[{"start":{"line":87,"column":40},"end":{"line":87,"column":129}},{"start":{"line":87,"column":129},"end":{"line":87,"column":null}}],"line":87},"15":{"loc":{"start":{"line":87,"column":68},"end":{"line":87,"column":113}},"type":"cond-expr","locations":[{"start":{"line":87,"column":92},"end":{"line":87,"column":112}},{"start":{"line":87,"column":112},"end":{"line":87,"column":113}}],"line":87}},"s":{"0":5,"1":5,"2":5,"3":0,"4":5,"5":136,"6":136,"7":2,"8":134,"9":136,"10":5,"11":5,"12":68,"13":68,"14":5,"15":5,"16":38,"17":3,"18":38,"19":1,"20":1,"21":1,"22":1,"23":2,"24":1,"25":28,"26":1,"27":28},"f":{"0":136,"1":68,"2":38,"3":3,"4":1,"5":1,"6":1,"7":2,"8":28,"9":1},"b":{"0":[0,5],"1":[2,134],"2":[136,2],"3":[1,67],"4":[68,68],"5":[0,68],"6":[0,5],"7":[2,36],"8":[1,2],"9":[1,0],"10":[0,1],"11":[1,0],"12":[2,0],"13":[1,1],"14":[1,27],"15":[0,1]},"meta":{"lastBranch":16,"lastFunction":10,"lastStatement":28,"seen":{"s:8:29:8:Infinity":0,"s:10:16:10:Infinity":1,"b:11:0:13:Infinity:undefined:undefined:undefined:undefined":0,"s:11:0:13:Infinity":2,"s:12:2:12:Infinity":3,"s:16:20:24:Infinity":4,"f:16:28:16:36":0,"s:17:16:17:Infinity":5,"b:18:2:22:Infinity:20:9:22:Infinity":1,"s:18:2:22:Infinity":6,"b:18:6:18:15:18:15:18:32":2,"s:19:4:19:Infinity":7,"s:21:4:21:Infinity":8,"s:23:2:23:Infinity":9,"s:26:18:31:Infinity":10,"s:33:22:41:Infinity":11,"f:37:17:37:25":1,"s:38:21:38:Infinity":12,"b:38:59:38:88:38:88:38:Infinity":3,"b:38:21:38:34:38:34:38:59":4,"s:39:4:39:Infinity":13,"b:39:70:39:85:39:85:39:Infinity":5,"s:43:29:70:Infinity":14,"b:44:49:44:58:44:58:44:Infinity":6,"s:73:22:90:Infinity":15,"f:74:2:74:9":2,"s:75:22:75:Infinity":16,"b:75:40:75:129:75:129:75:Infinity":7,"f:75:59:75:63":3,"s:75:68:75:113":17,"b:75:92:75:112:75:112:75:113":8,"s:76:4:76:Infinity":18,"f:78:2:78:9":4,"s:79:22:79:Infinity":19,"b:79:40:79:129:79:129:79:Infinity":9,"f:79:59:79:63":5,"s:79:68:79:113":20,"b:79:92:79:112:79:112:79:113":10,"s:80:4:80:Infinity":21,"f:82:2:82:10":6,"s:83:22:83:Infinity":22,"b:83:40:83:162:83:162:83:Infinity":11,"f:83:59:83:63":7,"s:83:68:83:146":23,"b:83:93:83:145:83:145:83:146":12,"b:83:114:83:124:83:124:83:145":13,"s:84:4:84:Infinity":24,"f:86:2:86:10":8,"s:87:22:87:Infinity":25,"b:87:40:87:129:87:129:87:Infinity":14,"f:87:59:87:63":9,"s:87:68:87:113":26,"b:87:92:87:112:87:112:87:113":15,"s:88:4:88:Infinity":27},"fnNames":{}}}
,"D:\\lifeos-c\\server\\config\\env.ts": {"path":"D:\\lifeos-c\\server\\config\\env.ts","statementMap":{"0":{"start":{"line":4,"column":0},"end":{"line":4,"column":null}},"1":{"start":{"line":6,"column":26},"end":{"line":6,"column":null}},"2":{"start":{"line":8,"column":20},"end":{"line":13,"column":null}},"3":{"start":{"line":15,"column":20},"end":{"line":15,"column":null}},"4":{"start":{"line":17,"column":23},"end":{"line":17,"column":null}},"5":{"start":{"line":19,"column":28},"end":{"line":19,"column":null}},"6":{"start":{"line":21,"column":13},"end":{"line":21,"column":null}},"7":{"start":{"line":23,"column":13},"end":{"line":23,"column":null}}},"fnMap":{},"branchMap":{"0":{"loc":{"start":{"line":6,"column":26},"end":{"line":6,"column":null}},"type":"binary-expr","locations":[{"start":{"line":6,"column":26},"end":{"line":6,"column":52}},{"start":{"line":6,"column":52},"end":{"line":6,"column":null}}],"line":6},"1":{"loc":{"start":{"line":9,"column":8},"end":{"line":9,"column":null}},"type":"binary-expr","locations":[{"start":{"line":9,"column":8},"end":{"line":9,"column":33}},{"start":{"line":9,"column":33},"end":{"line":9,"column":null}}],"line":9},"2":{"loc":{"start":{"line":10,"column":17},"end":{"line":10,"column":49}},"type":"binary-expr","locations":[{"start":{"line":10,"column":17},"end":{"line":10,"column":42}},{"start":{"line":10,"column":42},"end":{"line":10,"column":49}}],"line":10},"3":{"loc":{"start":{"line":11,"column":8},"end":{"line":11,"column":null}},"type":"binary-expr","locations":[{"start":{"line":11,"column":8},"end":{"line":11,"column":34}},{"start":{"line":11,"column":34},"end":{"line":11,"column":null}}],"line":11},"4":{"loc":{"start":{"line":12,"column":8},"end":{"line":12,"column":null}},"type":"binary-expr","locations":[{"start":{"line":12,"column":8},"end":{"line":12,"column":34}},{"start":{"line":12,"column":34},"end":{"line":12,"column":null}}],"line":12},"5":{"loc":{"start":{"line":15,"column":29},"end":{"line":15,"column":57}},"type":"binary-expr","locations":[{"start":{"line":15,"column":29},"end":{"line":15,"column":49}},{"start":{"line":15,"column":49},"end":{"line":15,"column":57}}],"line":15},"6":{"loc":{"start":{"line":19,"column":28},"end":{"line":19,"column":null}},"type":"binary-expr","locations":[{"start":{"line":19,"column":28},"end":{"line":19,"column":56}},{"start":{"line":19,"column":56},"end":{"line":19,"column":null}}],"line":19},"7":{"loc":{"start":{"line":21,"column":13},"end":{"line":21,"column":null}},"type":"binary-expr","locations":[{"start":{"line":21,"column":13},"end":{"line":21,"column":48}},{"start":{"line":21,"column":48},"end":{"line":21,"column":null}}],"line":21},"8":{"loc":{"start":{"line":23,"column":31},"end":{"line":23,"column":150}},"type":"binary-expr","locations":[{"start":{"line":23,"column":31},"end":{"line":23,"column":61}},{"start":{"line":23,"column":61},"end":{"line":23,"column":150}}],"line":23}},"s":{"0":3,"1":3,"2":3,"3":3,"4":3,"5":3,"6":3,"7":3},"f":{},"b":{"0":[3,0],"1":[3,0],"2":[3,0],"3":[3,0],"4":[3,0],"5":[3,3],"6":[3,0],"7":[3,0],"8":[3,3]},"meta":{"lastBranch":9,"lastFunction":0,"lastStatement":8,"seen":{"s:4:0:4:Infinity":0,"s:6:26:6:Infinity":1,"b:6:26:6:52:6:52:6:Infinity":0,"s:8:20:13:Infinity":2,"b:9:8:9:33:9:33:9:Infinity":1,"b:10:17:10:42:10:42:10:49":2,"b:11:8:11:34:11:34:11:Infinity":3,"b:12:8:12:34:12:34:12:Infinity":4,"s:15:20:15:Infinity":3,"b:15:29:15:49:15:49:15:57":5,"s:17:23:17:Infinity":4,"s:19:28:19:Infinity":5,"b:19:28:19:56:19:56:19:Infinity":6,"s:21:13:21:Infinity":6,"b:21:13:21:48:21:48:21:Infinity":7,"s:23:13:23:Infinity":7,"b:23:31:23:61:23:61:23:150":8},"fnNames":{}}}
,"D:\\lifeos-c\\server\\db\\cache.ts": {"path":"D:\\lifeos-c\\server\\db\\cache.ts","statementMap":{"0":{"start":{"line":6,"column":23},"end":{"line":6,"column":null}},"1":{"start":{"line":7,"column":17},"end":{"line":7,"column":null}},"2":{"start":{"line":8,"column":19},"end":{"line":8,"column":null}},"3":{"start":{"line":11,"column":57},"end":{"line":20,"column":null}},"4":{"start":{"line":23,"column":4},"end":{"line":23,"column":null}},"5":{"start":{"line":27,"column":16},"end":{"line":27,"column":null}},"6":{"start":{"line":28,"column":17},"end":{"line":28,"column":null}},"7":{"start":{"line":30,"column":4},"end":{"line":34,"column":null}},"8":{"start":{"line":31,"column":6},"end":{"line":31,"column":null}},"9":{"start":{"line":32,"column":6},"end":{"line":32,"column":null}},"10":{"start":{"line":33,"column":6},"end":{"line":33,"column":null}},"11":{"start":{"line":36,"column":4},"end":{"line":43,"column":null}},"12":{"start":{"line":38,"column":6},"end":{"line":38,"column":null}},"13":{"start":{"line":39,"column":6},"end":{"line":39,"column":null}},"14":{"start":{"line":40,"column":6},"end":{"line":40,"column":null}},"15":{"start":{"line":41,"column":6},"end":{"line":41,"column":null}},"16":{"start":{"line":42,"column":6},"end":{"line":42,"column":null}},"17":{"start":{"line":45,"column":4},"end":{"line":45,"column":null}},"18":{"start":{"line":46,"column":4},"end":{"line":46,"column":null}},"19":{"start":{"line":47,"column":4},"end":{"line":47,"column":null}},"20":{"start":{"line":48,"column":4},"end":{"line":48,"column":null}},"21":{"start":{"line":52,"column":16},"end":{"line":52,"column":null}},"22":{"start":{"line":53,"column":23},"end":{"line":53,"column":null}},"23":{"start":{"line":54,"column":22},"end":{"line":54,"column":null}},"24":{"start":{"line":56,"column":4},"end":{"line":56,"column":null}},"25":{"start":{"line":57,"column":4},"end":{"line":57,"column":null}},"26":{"start":{"line":61,"column":16},"end":{"line":61,"column":null}},"27":{"start":{"line":62,"column":4},"end":{"line":64,"column":null}},"28":{"start":{"line":63,"column":6},"end":{"line":63,"column":null}},"29":{"start":{"line":68,"column":40},"end":{"line":77,"column":null}},"30":{"start":{"line":78,"column":4},"end":{"line":78,"column":null}},"31":{"start":{"line":78,"column":32},"end":{"line":78,"column":60}},"32":{"start":{"line":79,"column":4},"end":{"line":79,"column":null}},"33":{"start":{"line":83,"column":18},"end":{"line":83,"column":null}},"34":{"start":{"line":84,"column":21},"end":{"line":84,"column":null}},"35":{"start":{"line":85,"column":4},"end":{"line":89,"column":null}},"36":{"start":{"line":93,"column":4},"end":{"line":93,"column":null}},"37":{"start":{"line":94,"column":4},"end":{"line":94,"column":null}},"38":{"start":{"line":95,"column":4},"end":{"line":95,"column":null}},"39":{"start":{"line":96,"column":4},"end":{"line":96,"column":null}},"40":{"start":{"line":101,"column":26},"end":{"line":101,"column":null}}},"fnMap":{"0":{"name":"getCacheKey","decl":{"start":{"line":22,"column":2},"end":{"line":22,"column":10}},"loc":{"start":{"line":22,"column":71},"end":{"line":24,"column":null}},"line":22},"1":{"name":"get","decl":{"start":{"line":26,"column":2},"end":{"line":26,"column":9}},"loc":{"start":{"line":26,"column":67},"end":{"line":49,"column":null}},"line":26},"2":{"name":"set","decl":{"start":{"line":51,"column":2},"end":{"line":51,"column":9}},"loc":{"start":{"line":51,"column":72},"end":{"line":58,"column":null}},"line":51},"3":{"name":"invalidate","decl":{"start":{"line":60,"column":2},"end":{"line":60,"column":9}},"loc":{"start":{"line":60,"column":67},"end":{"line":65,"column":null}},"line":60},"4":{"name":"invalidateUser","decl":{"start":{"line":67,"column":2},"end":{"line":67,"column":9}},"loc":{"start":{"line":67,"column":46},"end":{"line":80,"column":null}},"line":67},"5":{"name":"(anonymous_5)","decl":{"start":{"line":78,"column":15},"end":{"line":78,"column":24}},"loc":{"start":{"line":78,"column":32},"end":{"line":78,"column":60}},"line":78},"6":{"name":"getStats","decl":{"start":{"line":82,"column":2},"end":{"line":82,"column":9}},"loc":{"start":{"line":82,"column":32},"end":{"line":90,"column":null}},"line":82},"7":{"name":"clearAll","decl":{"start":{"line":92,"column":2},"end":{"line":92,"column":9}},"loc":{"start":{"line":92,"column":26},"end":{"line":97,"column":null}},"line":92}},"branchMap":{"0":{"loc":{"start":{"line":30,"column":4},"end":{"line":34,"column":null}},"type":"if","locations":[{"start":{"line":30,"column":4},"end":{"line":34,"column":null}},{"start":{},"end":{}}],"line":30},"1":{"loc":{"start":{"line":36,"column":4},"end":{"line":43,"column":null}},"type":"if","locations":[{"start":{"line":36,"column":4},"end":{"line":43,"column":null}},{"start":{},"end":{}}],"line":36},"2":{"loc":{"start":{"line":53,"column":23},"end":{"line":53,"column":null}},"type":"binary-expr","locations":[{"start":{"line":53,"column":23},"end":{"line":53,"column":46}},{"start":{"line":53,"column":46},"end":{"line":53,"column":null}}],"line":53},"3":{"loc":{"start":{"line":62,"column":4},"end":{"line":64,"column":null}},"type":"if","locations":[{"start":{"line":62,"column":4},"end":{"line":64,"column":null}},{"start":{},"end":{}}],"line":62},"4":{"loc":{"start":{"line":84,"column":21},"end":{"line":84,"column":null}},"type":"cond-expr","locations":[{"start":{"line":84,"column":33},"end":{"line":84,"column":78}},{"start":{"line":84,"column":78},"end":{"line":84,"column":null}}],"line":84}},"s":{"0":2,"1":2,"2":2,"3":2,"4":159,"5":20,"6":20,"7":20,"8":15,"9":15,"10":15,"11":5,"12":1,"13":1,"14":1,"15":1,"16":1,"17":4,"18":4,"19":4,"20":4,"21":17,"22":17,"23":17,"24":17,"25":17,"26":121,"27":121,"28":5,"29":4,"30":4,"31":32,"32":4,"33":2,"34":2,"35":2,"36":25,"37":25,"38":25,"39":25,"40":2},"f":{"0":159,"1":20,"2":17,"3":121,"4":4,"5":32,"6":2,"7":25},"b":{"0":[15,5],"1":[1,4],"2":[17,1],"3":[5,116],"4":[1,1]},"meta":{"lastBranch":5,"lastFunction":8,"lastStatement":41,"seen":{"s:6:23:6:Infinity":0,"s:7:17:7:Infinity":1,"s:8:19:8:Infinity":2,"s:11:57:20:Infinity":3,"f:22:2:22:10":0,"s:23:4:23:Infinity":4,"f:26:2:26:9":1,"s:27:16:27:Infinity":5,"s:28:17:28:Infinity":6,"b:30:4:34:Infinity:undefined:undefined:undefined:undefined":0,"s:30:4:34:Infinity":7,"s:31:6:31:Infinity":8,"s:32:6:32:Infinity":9,"s:33:6:33:Infinity":10,"b:36:4:43:Infinity:undefined:undefined:undefined:undefined":1,"s:36:4:43:Infinity":11,"s:38:6:38:Infinity":12,"s:39:6:39:Infinity":13,"s:40:6:40:Infinity":14,"s:41:6:41:Infinity":15,"s:42:6:42:Infinity":16,"s:45:4:45:Infinity":17,"s:46:4:46:Infinity":18,"s:47:4:47:Infinity":19,"s:48:4:48:Infinity":20,"f:51:2:51:9":2,"s:52:16:52:Infinity":21,"s:53:23:53:Infinity":22,"b:53:23:53:46:53:46:53:Infinity":2,"s:54:22:54:Infinity":23,"s:56:4:56:Infinity":24,"s:57:4:57:Infinity":25,"f:60:2:60:9":3,"s:61:16:61:Infinity":26,"b:62:4:64:Infinity:undefined:undefined:undefined:undefined":3,"s:62:4:64:Infinity":27,"s:63:6:63:Infinity":28,"f:67:2:67:9":4,"s:68:40:77:Infinity":29,"s:78:4:78:Infinity":30,"f:78:15:78:24":5,"s:78:32:78:60":31,"s:79:4:79:Infinity":32,"f:82:2:82:9":6,"s:83:18:83:Infinity":33,"s:84:21:84:Infinity":34,"b:84:33:84:78:84:78:84:Infinity":4,"s:85:4:89:Infinity":35,"f:92:2:92:9":7,"s:93:4:93:Infinity":36,"s:94:4:94:Infinity":37,"s:95:4:95:Infinity":38,"s:96:4:96:Infinity":39,"s:101:26:101:Infinity":40},"fnNames":{}}}
,"D:\\lifeos-c\\server\\db\\index.ts": {"path":"D:\\lifeos-c\\server\\db\\index.ts","statementMap":{"0":{"start":{"line":15,"column":21},"end":{"line":15,"column":null}},"1":{"start":{"line":16,"column":4},"end":{"line":16,"column":null}},"2":{"start":{"line":17,"column":4},"end":{"line":17,"column":null}},"3":{"start":{"line":18,"column":4},"end":{"line":18,"column":null}},"4":{"start":{"line":23,"column":4},"end":{"line":23,"column":null}},"5":{"start":{"line":27,"column":4},"end":{"line":27,"column":null}},"6":{"start":{"line":31,"column":4},"end":{"line":31,"column":null}},"7":{"start":{"line":35,"column":4},"end":{"line":35,"column":null}},"8":{"start":{"line":37,"column":4},"end":{"line":39,"column":null}},"9":{"start":{"line":38,"column":6},"end":{"line":38,"column":null}},"10":{"start":{"line":44,"column":20},"end":{"line":46,"column":null}},"11":{"start":{"line":45,"column":6},"end":{"line":45,"column":null}},"12":{"start":{"line":47,"column":4},"end":{"line":47,"column":null}},"13":{"start":{"line":48,"column":4},"end":{"line":48,"column":null}},"14":{"start":{"line":49,"column":4},"end":{"line":49,"column":null}},"15":{"start":{"line":54,"column":16},"end":{"line":54,"column":null}},"16":{"start":{"line":55,"column":4},"end":{"line":59,"column":null}},"17":{"start":{"line":56,"column":19},"end":{"line":56,"column":null}},"18":{"start":{"line":57,"column":6},"end":{"line":57,"column":null}},"19":{"start":{"line":58,"column":6},"end":{"line":58,"column":null}},"20":{"start":{"line":60,"column":4},"end":{"line":60,"column":null}},"21":{"start":{"line":64,"column":20},"end":{"line":64,"column":null}},"22":{"start":{"line":65,"column":4},"end":{"line":77,"column":null}},"23":{"start":{"line":66,"column":6},"end":{"line":66,"column":null}},"24":{"start":{"line":66,"column":23},"end":{"line":66,"column":null}},"25":{"start":{"line":67,"column":20},"end":{"line":67,"column":null}},"26":{"start":{"line":67,"column":53},"end":{"line":67,"column":69}},"27":{"start":{"line":68,"column":6},"end":{"line":76,"column":null}},"28":{"start":{"line":69,"column":8},"end":{"line":69,"column":null}},"29":{"start":{"line":70,"column":8},"end":{"line":70,"column":null}},"30":{"start":{"line":72,"column":8},"end":{"line":74,"column":null}},"31":{"start":{"line":73,"column":10},"end":{"line":73,"column":null}},"32":{"start":{"line":75,"column":8},"end":{"line":75,"column":null}},"33":{"start":{"line":79,"column":4},"end":{"line":79,"column":null}},"34":{"start":{"line":80,"column":4},"end":{"line":80,"column":null}},"35":{"start":{"line":81,"column":4},"end":{"line":81,"column":null}},"36":{"start":{"line":82,"column":4},"end":{"line":82,"column":null}},"37":{"start":{"line":86,"column":4},"end":{"line":90,"column":null}},"38":{"start":{"line":87,"column":6},"end":{"line":89,"column":null}},"39":{"start":{"line":88,"column":8},"end":{"line":88,"column":null}},"40":{"start":{"line":88,"column":51},"end":{"line":88,"column":66}},"41":{"start":{"line":91,"column":4},"end":{"line":91,"column":null}},"42":{"start":{"line":92,"column":4},"end":{"line":92,"column":null}},"43":{"start":{"line":93,"column":4},"end":{"line":93,"column":null}},"44":{"start":{"line":98,"column":17},"end":{"line":98,"column":null}},"45":{"start":{"line":99,"column":4},"end":{"line":103,"column":null}},"46":{"start":{"line":100,"column":19},"end":{"line":100,"column":null}},"47":{"start":{"line":101,"column":6},"end":{"line":101,"column":null}},"48":{"start":{"line":102,"column":6},"end":{"line":102,"column":null}},"49":{"start":{"line":104,"column":4},"end":{"line":104,"column":null}},"50":{"start":{"line":108,"column":21},"end":{"line":108,"column":null}},"51":{"start":{"line":109,"column":4},"end":{"line":121,"column":null}},"52":{"start":{"line":110,"column":6},"end":{"line":110,"column":null}},"53":{"start":{"line":110,"column":24},"end":{"line":110,"column":null}},"54":{"start":{"line":111,"column":20},"end":{"line":111,"column":null}},"55":{"start":{"line":111,"column":54},"end":{"line":111,"column":71}},"56":{"start":{"line":112,"column":6},"end":{"line":120,"column":null}},"57":{"start":{"line":113,"column":8},"end":{"line":113,"column":null}},"58":{"start":{"line":114,"column":8},"end":{"line":114,"column":null}},"59":{"start":{"line":116,"column":8},"end":{"line":118,"column":null}},"60":{"start":{"line":117,"column":10},"end":{"line":117,"column":null}},"61":{"start":{"line":119,"column":8},"end":{"line":119,"column":null}},"62":{"start":{"line":123,"column":4},"end":{"line":123,"column":null}},"63":{"start":{"line":124,"column":4},"end":{"line":124,"column":null}},"64":{"start":{"line":125,"column":4},"end":{"line":125,"column":null}},"65":{"start":{"line":126,"column":4},"end":{"line":126,"column":null}},"66":{"start":{"line":130,"column":4},"end":{"line":134,"column":null}},"67":{"start":{"line":131,"column":6},"end":{"line":133,"column":null}},"68":{"start":{"line":132,"column":8},"end":{"line":132,"column":null}},"69":{"start":{"line":132,"column":53},"end":{"line":132,"column":69}},"70":{"start":{"line":135,"column":4},"end":{"line":135,"column":null}},"71":{"start":{"line":136,"column":4},"end":{"line":136,"column":null}},"72":{"start":{"line":137,"column":4},"end":{"line":137,"column":null}},"73":{"start":{"line":142,"column":16},"end":{"line":142,"column":null}},"74":{"start":{"line":143,"column":4},"end":{"line":147,"column":null}},"75":{"start":{"line":144,"column":19},"end":{"line":144,"column":null}},"76":{"start":{"line":145,"column":6},"end":{"line":145,"column":null}},"77":{"start":{"line":146,"column":6},"end":{"line":146,"column":null}},"78":{"start":{"line":148,"column":4},"end":{"line":148,"column":null}},"79":{"start":{"line":152,"column":20},"end":{"line":152,"column":null}},"80":{"start":{"line":153,"column":4},"end":{"line":165,"column":null}},"81":{"start":{"line":154,"column":6},"end":{"line":154,"column":null}},"82":{"start":{"line":154,"column":23},"end":{"line":154,"column":null}},"83":{"start":{"line":155,"column":20},"end":{"line":155,"column":null}},"84":{"start":{"line":155,"column":53},"end":{"line":155,"column":69}},"85":{"start":{"line":156,"column":6},"end":{"line":164,"column":null}},"86":{"start":{"line":157,"column":8},"end":{"line":157,"column":null}},"87":{"start":{"line":158,"column":8},"end":{"line":158,"column":null}},"88":{"start":{"line":160,"column":8},"end":{"line":162,"column":null}},"89":{"start":{"line":161,"column":10},"end":{"line":161,"column":null}},"90":{"start":{"line":163,"column":8},"end":{"line":163,"column":null}},"91":{"start":{"line":167,"column":4},"end":{"line":167,"column":null}},"92":{"start":{"line":168,"column":4},"end":{"line":168,"column":null}},"93":{"start":{"line":169,"column":4},"end":{"line":169,"column":null}},"94":{"start":{"line":170,"column":4},"end":{"line":170,"column":null}},"95":{"start":{"line":174,"column":4},"end":{"line":178,"column":null}},"96":{"start":{"line":175,"column":6},"end":{"line":177,"column":null}},"97":{"start":{"line":176,"column":8},"end":{"line":176,"column":null}},"98":{"start":{"line":176,"column":51},"end":{"line":176,"column":66}},"99":{"start":{"line":179,"column":4},"end":{"line":179,"column":null}},"100":{"start":{"line":180,"column":4},"end":{"line":180,"column":null}},"101":{"start":{"line":181,"column":4},"end":{"line":181,"column":null}},"102":{"start":{"line":186,"column":19},"end":{"line":186,"column":null}},"103":{"start":{"line":187,"column":4},"end":{"line":191,"column":null}},"104":{"start":{"line":188,"column":19},"end":{"line":188,"column":null}},"105":{"start":{"line":189,"column":6},"end":{"line":189,"column":null}},"106":{"start":{"line":190,"column":6},"end":{"line":190,"column":null}},"107":{"start":{"line":192,"column":4},"end":{"line":192,"column":null}},"108":{"start":{"line":196,"column":23},"end":{"line":196,"column":null}},"109":{"start":{"line":197,"column":4},"end":{"line":209,"column":null}},"110":{"start":{"line":198,"column":6},"end":{"line":198,"column":null}},"111":{"start":{"line":198,"column":26},"end":{"line":198,"column":null}},"112":{"start":{"line":199,"column":20},"end":{"line":199,"column":null}},"113":{"start":{"line":199,"column":56},"end":{"line":199,"column":75}},"114":{"start":{"line":200,"column":6},"end":{"line":208,"column":null}},"115":{"start":{"line":201,"column":8},"end":{"line":201,"column":null}},"116":{"start":{"line":202,"column":8},"end":{"line":202,"column":null}},"117":{"start":{"line":204,"column":8},"end":{"line":206,"column":null}},"118":{"start":{"line":205,"column":10},"end":{"line":205,"column":null}},"119":{"start":{"line":207,"column":8},"end":{"line":207,"column":null}},"120":{"start":{"line":211,"column":4},"end":{"line":211,"column":null}},"121":{"start":{"line":212,"column":4},"end":{"line":212,"column":null}},"122":{"start":{"line":213,"column":4},"end":{"line":213,"column":null}},"123":{"start":{"line":214,"column":4},"end":{"line":214,"column":null}},"124":{"start":{"line":219,"column":17},"end":{"line":219,"column":null}},"125":{"start":{"line":220,"column":4},"end":{"line":220,"column":null}},"126":{"start":{"line":224,"column":17},"end":{"line":232,"column":null}},"127":{"start":{"line":225,"column":6},"end":{"line":225,"column":null}},"128":{"start":{"line":225,"column":29},"end":{"line":225,"column":null}},"129":{"start":{"line":226,"column":20},"end":{"line":226,"column":null}},"130":{"start":{"line":226,"column":59},"end":{"line":226,"column":82}},"131":{"start":{"line":227,"column":6},"end":{"line":231,"column":null}},"132":{"start":{"line":228,"column":8},"end":{"line":228,"column":null}},"133":{"start":{"line":230,"column":8},"end":{"line":230,"column":null}},"134":{"start":{"line":233,"column":4},"end":{"line":233,"column":null}},"135":{"start":{"line":234,"column":4},"end":{"line":234,"column":null}},"136":{"start":{"line":235,"column":4},"end":{"line":235,"column":null}},"137":{"start":{"line":240,"column":20},"end":{"line":240,"column":null}},"138":{"start":{"line":241,"column":4},"end":{"line":245,"column":null}},"139":{"start":{"line":242,"column":19},"end":{"line":242,"column":null}},"140":{"start":{"line":243,"column":6},"end":{"line":243,"column":null}},"141":{"start":{"line":244,"column":6},"end":{"line":244,"column":null}},"142":{"start":{"line":246,"column":4},"end":{"line":246,"column":null}},"143":{"start":{"line":250,"column":4},"end":{"line":258,"column":null}},"144":{"start":{"line":251,"column":6},"end":{"line":251,"column":null}},"145":{"start":{"line":251,"column":27},"end":{"line":251,"column":null}},"146":{"start":{"line":252,"column":20},"end":{"line":252,"column":null}},"147":{"start":{"line":252,"column":57},"end":{"line":252,"column":76}},"148":{"start":{"line":253,"column":6},"end":{"line":257,"column":null}},"149":{"start":{"line":254,"column":8},"end":{"line":254,"column":null}},"150":{"start":{"line":256,"column":8},"end":{"line":256,"column":null}},"151":{"start":{"line":260,"column":4},"end":{"line":260,"column":null}},"152":{"start":{"line":261,"column":4},"end":{"line":261,"column":null}},"153":{"start":{"line":262,"column":4},"end":{"line":262,"column":null}},"154":{"start":{"line":263,"column":4},"end":{"line":263,"column":null}},"155":{"start":{"line":268,"column":16},"end":{"line":268,"column":null}},"156":{"start":{"line":269,"column":4},"end":{"line":273,"column":null}},"157":{"start":{"line":270,"column":19},"end":{"line":270,"column":null}},"158":{"start":{"line":271,"column":6},"end":{"line":271,"column":null}},"159":{"start":{"line":272,"column":6},"end":{"line":272,"column":null}},"160":{"start":{"line":274,"column":4},"end":{"line":274,"column":null}},"161":{"start":{"line":278,"column":20},"end":{"line":278,"column":null}},"162":{"start":{"line":279,"column":4},"end":{"line":285,"column":null}},"163":{"start":{"line":280,"column":6},"end":{"line":280,"column":null}},"164":{"start":{"line":280,"column":23},"end":{"line":280,"column":null}},"165":{"start":{"line":281,"column":6},"end":{"line":283,"column":null}},"166":{"start":{"line":282,"column":8},"end":{"line":282,"column":null}},"167":{"start":{"line":284,"column":6},"end":{"line":284,"column":null}},"168":{"start":{"line":287,"column":4},"end":{"line":287,"column":null}},"169":{"start":{"line":288,"column":4},"end":{"line":288,"column":null}},"170":{"start":{"line":289,"column":4},"end":{"line":289,"column":null}},"171":{"start":{"line":290,"column":4},"end":{"line":290,"column":null}},"172":{"start":{"line":296,"column":17},"end":{"line":296,"column":null}},"173":{"start":{"line":297,"column":4},"end":{"line":297,"column":null}},"174":{"start":{"line":301,"column":4},"end":{"line":304,"column":null}},"175":{"start":{"line":302,"column":6},"end":{"line":302,"column":null}},"176":{"start":{"line":302,"column":29},"end":{"line":302,"column":null}},"177":{"start":{"line":303,"column":6},"end":{"line":303,"column":null}},"178":{"start":{"line":306,"column":4},"end":{"line":306,"column":null}},"179":{"start":{"line":307,"column":4},"end":{"line":307,"column":null}},"180":{"start":{"line":308,"column":4},"end":{"line":308,"column":null}},"181":{"start":{"line":313,"column":17},"end":{"line":313,"column":null}},"182":{"start":{"line":314,"column":4},"end":{"line":314,"column":null}},"183":{"start":{"line":318,"column":4},"end":{"line":320,"column":null}},"184":{"start":{"line":319,"column":6},"end":{"line":319,"column":null}},"185":{"start":{"line":322,"column":4},"end":{"line":322,"column":null}},"186":{"start":{"line":327,"column":4},"end":{"line":330,"column":null}},"187":{"start":{"line":328,"column":6},"end":{"line":328,"column":null}},"188":{"start":{"line":328,"column":31},"end":{"line":328,"column":null}},"189":{"start":{"line":329,"column":6},"end":{"line":329,"column":null}},"190":{"start":{"line":331,"column":4},"end":{"line":331,"column":null}},"191":{"start":{"line":332,"column":4},"end":{"line":332,"column":null}},"192":{"start":{"line":333,"column":4},"end":{"line":333,"column":null}},"193":{"start":{"line":337,"column":4},"end":{"line":343,"column":null}},"194":{"start":{"line":338,"column":6},"end":{"line":342,"column":null}},"195":{"start":{"line":339,"column":8},"end":{"line":341,"column":null}},"196":{"start":{"line":340,"column":10},"end":{"line":340,"column":null}},"197":{"start":{"line":344,"column":4},"end":{"line":344,"column":null}},"198":{"start":{"line":345,"column":4},"end":{"line":345,"column":null}},"199":{"start":{"line":350,"column":17},"end":{"line":350,"column":null}},"200":{"start":{"line":351,"column":4},"end":{"line":351,"column":null}},"201":{"start":{"line":355,"column":4},"end":{"line":357,"column":null}},"202":{"start":{"line":356,"column":6},"end":{"line":356,"column":null}},"203":{"start":{"line":358,"column":4},"end":{"line":358,"column":null}},"204":{"start":{"line":359,"column":4},"end":{"line":359,"column":null}},"205":{"start":{"line":364,"column":20},"end":{"line":364,"column":null}},"206":{"start":{"line":365,"column":4},"end":{"line":368,"column":null}},"207":{"start":{"line":366,"column":6},"end":{"line":366,"column":null}},"208":{"start":{"line":367,"column":6},"end":{"line":367,"column":null}},"209":{"start":{"line":369,"column":4},"end":{"line":369,"column":null}},"210":{"start":{"line":373,"column":18},"end":{"line":373,"column":null}},"211":{"start":{"line":374,"column":4},"end":{"line":377,"column":null}},"212":{"start":{"line":375,"column":6},"end":{"line":375,"column":null}},"213":{"start":{"line":376,"column":6},"end":{"line":376,"column":null}},"214":{"start":{"line":378,"column":4},"end":{"line":378,"column":null}},"215":{"start":{"line":383,"column":25},"end":{"line":383,"column":null}},"216":{"start":{"line":387,"column":2},"end":{"line":387,"column":null}},"217":{"start":{"line":391,"column":2},"end":{"line":391,"column":null}},"218":{"start":{"line":395,"column":2},"end":{"line":395,"column":null}}},"fnMap":{"0":{"name":"updateUserDataInternal","decl":{"start":{"line":14,"column":2},"end":{"line":14,"column":10}},"loc":{"start":{"line":14,"column":99},"end":{"line":19,"column":null}},"line":14},"1":{"name":"getUserData","decl":{"start":{"line":22,"column":2},"end":{"line":22,"column":9}},"loc":{"start":{"line":22,"column":47},"end":{"line":24,"column":null}},"line":22},"2":{"name":"getUserDataSummary","decl":{"start":{"line":26,"column":2},"end":{"line":26,"column":9}},"loc":{"start":{"line":26,"column":63},"end":{"line":28,"column":null}},"line":26},"3":{"name":"getDatabaseState","decl":{"start":{"line":30,"column":2},"end":{"line":30,"column":9}},"loc":{"start":{"line":30,"column":43},"end":{"line":32,"column":null}},"line":30},"4":{"name":"saveDatabaseState","decl":{"start":{"line":34,"column":2},"end":{"line":34,"column":9}},"loc":{"start":{"line":34,"column":55},"end":{"line":40,"column":null}},"line":34},"5":{"name":"(anonymous_5)","decl":{"start":{"line":37,"column":16},"end":{"line":37,"column":25}},"loc":{"start":{"line":37,"column":34},"end":{"line":39,"column":5}},"line":37},"6":{"name":"updateProfile","decl":{"start":{"line":43,"column":2},"end":{"line":43,"column":9}},"loc":{"start":{"line":43,"column":58},"end":{"line":50,"column":null}},"line":43},"7":{"name":"(anonymous_7)","decl":{"start":{"line":44,"column":48},"end":{"line":44,"column":57}},"loc":{"start":{"line":44,"column":66},"end":{"line":46,"column":5}},"line":44},"8":{"name":"getTasks","decl":{"start":{"line":53,"column":2},"end":{"line":53,"column":9}},"loc":{"start":{"line":53,"column":41},"end":{"line":61,"column":null}},"line":53},"9":{"name":"saveTask","decl":{"start":{"line":63,"column":2},"end":{"line":63,"column":9}},"loc":{"start":{"line":63,"column":50},"end":{"line":83,"column":null}},"line":63},"10":{"name":"(anonymous_10)","decl":{"start":{"line":65,"column":32},"end":{"line":65,"column":41}},"loc":{"start":{"line":65,"column":50},"end":{"line":77,"column":5}},"line":65},"11":{"name":"(anonymous_11)","decl":{"start":{"line":67,"column":31},"end":{"line":67,"column":42}},"loc":{"start":{"line":67,"column":53},"end":{"line":67,"column":69}},"line":67},"12":{"name":"deleteTask","decl":{"start":{"line":85,"column":2},"end":{"line":85,"column":9}},"loc":{"start":{"line":85,"column":58},"end":{"line":94,"column":null}},"line":85},"13":{"name":"(anonymous_13)","decl":{"start":{"line":86,"column":32},"end":{"line":86,"column":41}},"loc":{"start":{"line":86,"column":50},"end":{"line":90,"column":5}},"line":86},"14":{"name":"(anonymous_14)","decl":{"start":{"line":88,"column":32},"end":{"line":88,"column":40}},"loc":{"start":{"line":88,"column":51},"end":{"line":88,"column":66}},"line":88},"15":{"name":"getHabits","decl":{"start":{"line":97,"column":2},"end":{"line":97,"column":9}},"loc":{"start":{"line":97,"column":42},"end":{"line":105,"column":null}},"line":97},"16":{"name":"saveHabit","decl":{"start":{"line":107,"column":2},"end":{"line":107,"column":9}},"loc":{"start":{"line":107,"column":52},"end":{"line":127,"column":null}},"line":107},"17":{"name":"(anonymous_17)","decl":{"start":{"line":109,"column":32},"end":{"line":109,"column":41}},"loc":{"start":{"line":109,"column":50},"end":{"line":121,"column":5}},"line":109},"18":{"name":"(anonymous_18)","decl":{"start":{"line":111,"column":32},"end":{"line":111,"column":43}},"loc":{"start":{"line":111,"column":54},"end":{"line":111,"column":71}},"line":111},"19":{"name":"deleteHabit","decl":{"start":{"line":129,"column":2},"end":{"line":129,"column":9}},"loc":{"start":{"line":129,"column":60},"end":{"line":138,"column":null}},"line":129},"20":{"name":"(anonymous_20)","decl":{"start":{"line":130,"column":32},"end":{"line":130,"column":41}},"loc":{"start":{"line":130,"column":50},"end":{"line":134,"column":5}},"line":130},"21":{"name":"(anonymous_21)","decl":{"start":{"line":132,"column":34},"end":{"line":132,"column":42}},"loc":{"start":{"line":132,"column":53},"end":{"line":132,"column":69}},"line":132},"22":{"name":"getGoals","decl":{"start":{"line":141,"column":2},"end":{"line":141,"column":9}},"loc":{"start":{"line":141,"column":41},"end":{"line":149,"column":null}},"line":141},"23":{"name":"saveGoal","decl":{"start":{"line":151,"column":2},"end":{"line":151,"column":9}},"loc":{"start":{"line":151,"column":50},"end":{"line":171,"column":null}},"line":151},"24":{"name":"(anonymous_24)","decl":{"start":{"line":153,"column":32},"end":{"line":153,"column":41}},"loc":{"start":{"line":153,"column":50},"end":{"line":165,"column":5}},"line":153},"25":{"name":"(anonymous_25)","decl":{"start":{"line":155,"column":31},"end":{"line":155,"column":42}},"loc":{"start":{"line":155,"column":53},"end":{"line":155,"column":69}},"line":155},"26":{"name":"deleteGoal","decl":{"start":{"line":173,"column":2},"end":{"line":173,"column":9}},"loc":{"start":{"line":173,"column":58},"end":{"line":182,"column":null}},"line":173},"27":{"name":"(anonymous_27)","decl":{"start":{"line":174,"column":32},"end":{"line":174,"column":41}},"loc":{"start":{"line":174,"column":50},"end":{"line":178,"column":5}},"line":174},"28":{"name":"(anonymous_28)","decl":{"start":{"line":176,"column":32},"end":{"line":176,"column":40}},"loc":{"start":{"line":176,"column":51},"end":{"line":176,"column":66}},"line":176},"29":{"name":"getExpenses","decl":{"start":{"line":185,"column":2},"end":{"line":185,"column":9}},"loc":{"start":{"line":185,"column":44},"end":{"line":193,"column":null}},"line":185},"30":{"name":"saveExpense","decl":{"start":{"line":195,"column":2},"end":{"line":195,"column":9}},"loc":{"start":{"line":195,"column":56},"end":{"line":215,"column":null}},"line":195},"31":{"name":"(anonymous_31)","decl":{"start":{"line":197,"column":32},"end":{"line":197,"column":41}},"loc":{"start":{"line":197,"column":50},"end":{"line":209,"column":5}},"line":197},"32":{"name":"(anonymous_32)","decl":{"start":{"line":199,"column":34},"end":{"line":199,"column":45}},"loc":{"start":{"line":199,"column":56},"end":{"line":199,"column":75}},"line":199},"33":{"name":"getBudgets","decl":{"start":{"line":218,"column":2},"end":{"line":218,"column":9}},"loc":{"start":{"line":218,"column":43},"end":{"line":221,"column":null}},"line":218},"34":{"name":"saveBudget","decl":{"start":{"line":223,"column":2},"end":{"line":223,"column":9}},"loc":{"start":{"line":223,"column":76},"end":{"line":236,"column":null}},"line":223},"35":{"name":"(anonymous_35)","decl":{"start":{"line":224,"column":45},"end":{"line":224,"column":54}},"loc":{"start":{"line":224,"column":67},"end":{"line":232,"column":5}},"line":224},"36":{"name":"(anonymous_36)","decl":{"start":{"line":226,"column":37},"end":{"line":226,"column":48}},"loc":{"start":{"line":226,"column":59},"end":{"line":226,"column":82}},"line":226},"37":{"name":"getSleepLogs","decl":{"start":{"line":239,"column":2},"end":{"line":239,"column":9}},"loc":{"start":{"line":239,"column":45},"end":{"line":247,"column":null}},"line":239},"38":{"name":"saveSleepLog","decl":{"start":{"line":249,"column":2},"end":{"line":249,"column":9}},"loc":{"start":{"line":249,"column":53},"end":{"line":264,"column":null}},"line":249},"39":{"name":"(anonymous_39)","decl":{"start":{"line":250,"column":32},"end":{"line":250,"column":41}},"loc":{"start":{"line":250,"column":50},"end":{"line":258,"column":5}},"line":250},"40":{"name":"(anonymous_40)","decl":{"start":{"line":252,"column":35},"end":{"line":252,"column":46}},"loc":{"start":{"line":252,"column":57},"end":{"line":252,"column":76}},"line":252},"41":{"name":"getMoodLogs","decl":{"start":{"line":267,"column":2},"end":{"line":267,"column":9}},"loc":{"start":{"line":267,"column":44},"end":{"line":275,"column":null}},"line":267},"42":{"name":"saveMoodLog","decl":{"start":{"line":277,"column":2},"end":{"line":277,"column":9}},"loc":{"start":{"line":277,"column":56},"end":{"line":291,"column":null}},"line":277},"43":{"name":"(anonymous_43)","decl":{"start":{"line":279,"column":32},"end":{"line":279,"column":41}},"loc":{"start":{"line":279,"column":50},"end":{"line":285,"column":5}},"line":279},"44":{"name":"getReflections","decl":{"start":{"line":294,"column":2},"end":{"line":294,"column":9}},"loc":{"start":{"line":294,"column":47},"end":{"line":298,"column":null}},"line":294},"45":{"name":"saveReflection","decl":{"start":{"line":300,"column":2},"end":{"line":300,"column":9}},"loc":{"start":{"line":300,"column":62},"end":{"line":309,"column":null}},"line":300},"46":{"name":"(anonymous_46)","decl":{"start":{"line":301,"column":32},"end":{"line":301,"column":41}},"loc":{"start":{"line":301,"column":50},"end":{"line":304,"column":5}},"line":301},"47":{"name":"getChatHistory","decl":{"start":{"line":312,"column":2},"end":{"line":312,"column":9}},"loc":{"start":{"line":312,"column":47},"end":{"line":315,"column":null}},"line":312},"48":{"name":"saveChatHistory","decl":{"start":{"line":317,"column":2},"end":{"line":317,"column":9}},"loc":{"start":{"line":317,"column":67},"end":{"line":323,"column":null}},"line":317},"49":{"name":"(anonymous_49)","decl":{"start":{"line":318,"column":32},"end":{"line":318,"column":41}},"loc":{"start":{"line":318,"column":50},"end":{"line":320,"column":5}},"line":318},"50":{"name":"addNotification","decl":{"start":{"line":326,"column":2},"end":{"line":326,"column":9}},"loc":{"start":{"line":326,"column":65},"end":{"line":334,"column":null}},"line":326},"51":{"name":"(anonymous_51)","decl":{"start":{"line":327,"column":32},"end":{"line":327,"column":41}},"loc":{"start":{"line":327,"column":50},"end":{"line":330,"column":5}},"line":327},"52":{"name":"clearUnreadNotifications","decl":{"start":{"line":336,"column":2},"end":{"line":336,"column":9}},"loc":{"start":{"line":336,"column":56},"end":{"line":346,"column":null}},"line":336},"53":{"name":"(anonymous_53)","decl":{"start":{"line":337,"column":32},"end":{"line":337,"column":41}},"loc":{"start":{"line":337,"column":50},"end":{"line":343,"column":5}},"line":337},"54":{"name":"(anonymous_54)","decl":{"start":{"line":339,"column":27},"end":{"line":339,"column":36}},"loc":{"start":{"line":339,"column":47},"end":{"line":341,"column":9}},"line":339},"55":{"name":"getUserPatterns","decl":{"start":{"line":349,"column":2},"end":{"line":349,"column":9}},"loc":{"start":{"line":349,"column":46},"end":{"line":352,"column":null}},"line":349},"56":{"name":"saveUserPatterns","decl":{"start":{"line":354,"column":2},"end":{"line":354,"column":9}},"loc":{"start":{"line":354,"column":63},"end":{"line":360,"column":null}},"line":354},"57":{"name":"(anonymous_57)","decl":{"start":{"line":355,"column":32},"end":{"line":355,"column":41}},"loc":{"start":{"line":355,"column":50},"end":{"line":357,"column":5}},"line":355},"58":{"name":"getCachedDashboard","decl":{"start":{"line":363,"column":2},"end":{"line":363,"column":9}},"loc":{"start":{"line":363,"column":71},"end":{"line":370,"column":null}},"line":363},"59":{"name":"getCachedPiggyContext","decl":{"start":{"line":372,"column":2},"end":{"line":372,"column":9}},"loc":{"start":{"line":372,"column":74},"end":{"line":379,"column":null}},"line":372},"60":{"name":"readDB","decl":{"start":{"line":386,"column":16},"end":{"line":386,"column":40}},"loc":{"start":{"line":386,"column":40},"end":{"line":388,"column":null}},"line":386},"61":{"name":"writeDB","decl":{"start":{"line":390,"column":16},"end":{"line":390,"column":24}},"loc":{"start":{"line":390,"column":52},"end":{"line":392,"column":null}},"line":390},"62":{"name":"getUserData_2","decl":{"start":{"line":394,"column":16},"end":{"line":394,"column":28}},"loc":{"start":{"line":394,"column":73},"end":{"line":396,"column":null}},"line":394}},"branchMap":{"0":{"loc":{"start":{"line":55,"column":4},"end":{"line":59,"column":null}},"type":"if","locations":[{"start":{"line":55,"column":4},"end":{"line":59,"column":null}},{"start":{},"end":{}}],"line":55},"1":{"loc":{"start":{"line":57,"column":14},"end":{"line":57,"column":null}},"type":"binary-expr","locations":[{"start":{"line":57,"column":14},"end":{"line":57,"column":28}},{"start":{"line":57,"column":28},"end":{"line":57,"column":null}}],"line":57},"2":{"loc":{"start":{"line":66,"column":6},"end":{"line":66,"column":null}},"type":"if","locations":[{"start":{"line":66,"column":6},"end":{"line":66,"column":null}},{"start":{},"end":{}}],"line":66},"3":{"loc":{"start":{"line":68,"column":6},"end":{"line":76,"column":null}},"type":"if","locations":[{"start":{"line":68,"column":6},"end":{"line":76,"column":null}},{"start":{"line":71,"column":13},"end":{"line":76,"column":null}}],"line":68},"4":{"loc":{"start":{"line":72,"column":8},"end":{"line":74,"column":null}},"type":"if","locations":[{"start":{"line":72,"column":8},"end":{"line":74,"column":null}},{"start":{},"end":{}}],"line":72},"5":{"loc":{"start":{"line":87,"column":6},"end":{"line":89,"column":null}},"type":"if","locations":[{"start":{"line":87,"column":6},"end":{"line":89,"column":null}},{"start":{},"end":{}}],"line":87},"6":{"loc":{"start":{"line":99,"column":4},"end":{"line":103,"column":null}},"type":"if","locations":[{"start":{"line":99,"column":4},"end":{"line":103,"column":null}},{"start":{},"end":{}}],"line":99},"7":{"loc":{"start":{"line":101,"column":15},"end":{"line":101,"column":null}},"type":"binary-expr","locations":[{"start":{"line":101,"column":15},"end":{"line":101,"column":30}},{"start":{"line":101,"column":30},"end":{"line":101,"column":null}}],"line":101},"8":{"loc":{"start":{"line":110,"column":6},"end":{"line":110,"column":null}},"type":"if","locations":[{"start":{"line":110,"column":6},"end":{"line":110,"column":null}},{"start":{},"end":{}}],"line":110},"9":{"loc":{"start":{"line":112,"column":6},"end":{"line":120,"column":null}},"type":"if","locations":[{"start":{"line":112,"column":6},"end":{"line":120,"column":null}},{"start":{"line":115,"column":13},"end":{"line":120,"column":null}}],"line":112},"10":{"loc":{"start":{"line":116,"column":8},"end":{"line":118,"column":null}},"type":"if","locations":[{"start":{"line":116,"column":8},"end":{"line":118,"column":null}},{"start":{},"end":{}}],"line":116},"11":{"loc":{"start":{"line":131,"column":6},"end":{"line":133,"column":null}},"type":"if","locations":[{"start":{"line":131,"column":6},"end":{"line":133,"column":null}},{"start":{},"end":{}}],"line":131},"12":{"loc":{"start":{"line":143,"column":4},"end":{"line":147,"column":null}},"type":"if","locations":[{"start":{"line":143,"column":4},"end":{"line":147,"column":null}},{"start":{},"end":{}}],"line":143},"13":{"loc":{"start":{"line":145,"column":14},"end":{"line":145,"column":null}},"type":"binary-expr","locations":[{"start":{"line":145,"column":14},"end":{"line":145,"column":28}},{"start":{"line":145,"column":28},"end":{"line":145,"column":null}}],"line":145},"14":{"loc":{"start":{"line":154,"column":6},"end":{"line":154,"column":null}},"type":"if","locations":[{"start":{"line":154,"column":6},"end":{"line":154,"column":null}},{"start":{},"end":{}}],"line":154},"15":{"loc":{"start":{"line":156,"column":6},"end":{"line":164,"column":null}},"type":"if","locations":[{"start":{"line":156,"column":6},"end":{"line":164,"column":null}},{"start":{"line":159,"column":13},"end":{"line":164,"column":null}}],"line":156},"16":{"loc":{"start":{"line":160,"column":8},"end":{"line":162,"column":null}},"type":"if","locations":[{"start":{"line":160,"column":8},"end":{"line":162,"column":null}},{"start":{},"end":{}}],"line":160},"17":{"loc":{"start":{"line":175,"column":6},"end":{"line":177,"column":null}},"type":"if","locations":[{"start":{"line":175,"column":6},"end":{"line":177,"column":null}},{"start":{},"end":{}}],"line":175},"18":{"loc":{"start":{"line":187,"column":4},"end":{"line":191,"column":null}},"type":"if","locations":[{"start":{"line":187,"column":4},"end":{"line":191,"column":null}},{"start":{},"end":{}}],"line":187},"19":{"loc":{"start":{"line":189,"column":17},"end":{"line":189,"column":null}},"type":"binary-expr","locations":[{"start":{"line":189,"column":17},"end":{"line":189,"column":34}},{"start":{"line":189,"column":34},"end":{"line":189,"column":null}}],"line":189},"20":{"loc":{"start":{"line":198,"column":6},"end":{"line":198,"column":null}},"type":"if","locations":[{"start":{"line":198,"column":6},"end":{"line":198,"column":null}},{"start":{},"end":{}}],"line":198},"21":{"loc":{"start":{"line":200,"column":6},"end":{"line":208,"column":null}},"type":"if","locations":[{"start":{"line":200,"column":6},"end":{"line":208,"column":null}},{"start":{"line":203,"column":13},"end":{"line":208,"column":null}}],"line":200},"22":{"loc":{"start":{"line":204,"column":8},"end":{"line":206,"column":null}},"type":"if","locations":[{"start":{"line":204,"column":8},"end":{"line":206,"column":null}},{"start":{},"end":{}}],"line":204},"23":{"loc":{"start":{"line":220,"column":11},"end":{"line":220,"column":null}},"type":"binary-expr","locations":[{"start":{"line":220,"column":11},"end":{"line":220,"column":27}},{"start":{"line":220,"column":27},"end":{"line":220,"column":null}}],"line":220},"24":{"loc":{"start":{"line":225,"column":6},"end":{"line":225,"column":null}},"type":"if","locations":[{"start":{"line":225,"column":6},"end":{"line":225,"column":null}},{"start":{},"end":{}}],"line":225},"25":{"loc":{"start":{"line":227,"column":6},"end":{"line":231,"column":null}},"type":"if","locations":[{"start":{"line":227,"column":6},"end":{"line":231,"column":null}},{"start":{"line":229,"column":13},"end":{"line":231,"column":null}}],"line":227},"26":{"loc":{"start":{"line":241,"column":4},"end":{"line":245,"column":null}},"type":"if","locations":[{"start":{"line":241,"column":4},"end":{"line":245,"column":null}},{"start":{},"end":{}}],"line":241},"27":{"loc":{"start":{"line":243,"column":18},"end":{"line":243,"column":null}},"type":"binary-expr","locations":[{"start":{"line":243,"column":18},"end":{"line":243,"column":36}},{"start":{"line":243,"column":36},"end":{"line":243,"column":null}}],"line":243},"28":{"loc":{"start":{"line":251,"column":6},"end":{"line":251,"column":null}},"type":"if","locations":[{"start":{"line":251,"column":6},"end":{"line":251,"column":null}},{"start":{},"end":{}}],"line":251},"29":{"loc":{"start":{"line":253,"column":6},"end":{"line":257,"column":null}},"type":"if","locations":[{"start":{"line":253,"column":6},"end":{"line":257,"column":null}},{"start":{"line":255,"column":13},"end":{"line":257,"column":null}}],"line":253},"30":{"loc":{"start":{"line":269,"column":4},"end":{"line":273,"column":null}},"type":"if","locations":[{"start":{"line":269,"column":4},"end":{"line":273,"column":null}},{"start":{},"end":{}}],"line":269},"31":{"loc":{"start":{"line":271,"column":14},"end":{"line":271,"column":null}},"type":"binary-expr","locations":[{"start":{"line":271,"column":14},"end":{"line":271,"column":28}},{"start":{"line":271,"column":28},"end":{"line":271,"column":null}}],"line":271},"32":{"loc":{"start":{"line":280,"column":6},"end":{"line":280,"column":null}},"type":"if","locations":[{"start":{"line":280,"column":6},"end":{"line":280,"column":null}},{"start":{},"end":{}}],"line":280},"33":{"loc":{"start":{"line":281,"column":6},"end":{"line":283,"column":null}},"type":"if","locations":[{"start":{"line":281,"column":6},"end":{"line":283,"column":null}},{"start":{},"end":{}}],"line":281},"34":{"loc":{"start":{"line":297,"column":11},"end":{"line":297,"column":null}},"type":"binary-expr","locations":[{"start":{"line":297,"column":11},"end":{"line":297,"column":31}},{"start":{"line":297,"column":31},"end":{"line":297,"column":null}}],"line":297},"35":{"loc":{"start":{"line":302,"column":6},"end":{"line":302,"column":null}},"type":"if","locations":[{"start":{"line":302,"column":6},"end":{"line":302,"column":null}},{"start":{},"end":{}}],"line":302},"36":{"loc":{"start":{"line":314,"column":11},"end":{"line":314,"column":null}},"type":"binary-expr","locations":[{"start":{"line":314,"column":11},"end":{"line":314,"column":31}},{"start":{"line":314,"column":31},"end":{"line":314,"column":null}}],"line":314},"37":{"loc":{"start":{"line":328,"column":6},"end":{"line":328,"column":null}},"type":"if","locations":[{"start":{"line":328,"column":6},"end":{"line":328,"column":null}},{"start":{},"end":{}}],"line":328},"38":{"loc":{"start":{"line":338,"column":6},"end":{"line":342,"column":null}},"type":"if","locations":[{"start":{"line":338,"column":6},"end":{"line":342,"column":null}},{"start":{},"end":{}}],"line":338},"39":{"loc":{"start":{"line":365,"column":4},"end":{"line":368,"column":null}},"type":"if","locations":[{"start":{"line":365,"column":4},"end":{"line":368,"column":null}},{"start":{},"end":{}}],"line":365},"40":{"loc":{"start":{"line":374,"column":4},"end":{"line":377,"column":null}},"type":"if","locations":[{"start":{"line":374,"column":4},"end":{"line":377,"column":null}},{"start":{},"end":{}}],"line":374}},"s":{"0":34,"1":34,"2":34,"3":34,"4":6,"5":0,"6":1,"7":1,"8":1,"9":3,"10":2,"11":2,"12":2,"13":2,"14":2,"15":3,"16":3,"17":3,"18":3,"19":3,"20":3,"21":3,"22":3,"23":3,"24":0,"25":3,"26":16,"27":3,"28":1,"29":1,"30":2,"31":2,"32":2,"33":3,"34":3,"35":3,"36":3,"37":2,"38":2,"39":2,"40":11,"41":2,"42":2,"43":2,"44":2,"45":2,"46":2,"47":2,"48":2,"49":2,"50":3,"51":3,"52":3,"53":0,"54":3,"55":10,"56":3,"57":1,"58":1,"59":2,"60":2,"61":2,"62":3,"63":3,"64":3,"65":3,"66":2,"67":2,"68":2,"69":7,"70":2,"71":2,"72":2,"73":2,"74":2,"75":2,"76":2,"77":2,"78":2,"79":3,"80":3,"81":3,"82":0,"83":3,"84":7,"85":3,"86":1,"87":1,"88":2,"89":2,"90":2,"91":3,"92":3,"93":3,"94":3,"95":2,"96":2,"97":2,"98":5,"99":2,"100":2,"101":2,"102":1,"103":1,"104":1,"105":1,"106":1,"107":1,"108":2,"109":2,"110":2,"111":0,"112":2,"113":33,"114":2,"115":0,"116":0,"117":2,"118":2,"119":2,"120":2,"121":2,"122":2,"123":2,"124":2,"125":2,"126":3,"127":3,"128":1,"129":3,"130":2,"131":3,"132":1,"133":2,"134":3,"135":3,"136":3,"137":1,"138":1,"139":1,"140":1,"141":1,"142":1,"143":3,"144":3,"145":0,"146":3,"147":93,"148":3,"149":2,"150":1,"151":3,"152":3,"153":3,"154":3,"155":1,"156":1,"157":1,"158":1,"159":1,"160":1,"161":2,"162":2,"163":2,"164":0,"165":2,"166":2,"167":2,"168":2,"169":2,"170":2,"171":2,"172":1,"173":1,"174":2,"175":2,"176":0,"177":2,"178":2,"179":2,"180":2,"181":1,"182":1,"183":1,"184":1,"185":1,"186":2,"187":2,"188":1,"189":2,"190":2,"191":2,"192":2,"193":1,"194":1,"195":1,"196":2,"197":1,"198":1,"199":1,"200":1,"201":1,"202":1,"203":1,"204":1,"205":2,"206":2,"207":1,"208":1,"209":2,"210":2,"211":2,"212":1,"213":1,"214":2,"215":2,"216":1,"217":1,"218":1},"f":{"0":34,"1":6,"2":0,"3":1,"4":1,"5":3,"6":2,"7":2,"8":3,"9":3,"10":3,"11":16,"12":2,"13":2,"14":11,"15":2,"16":3,"17":3,"18":10,"19":2,"20":2,"21":7,"22":2,"23":3,"24":3,"25":7,"26":2,"27":2,"28":5,"29":1,"30":2,"31":2,"32":33,"33":2,"34":3,"35":3,"36":2,"37":1,"38":3,"39":3,"40":93,"41":1,"42":2,"43":2,"44":1,"45":2,"46":2,"47":1,"48":1,"49":1,"50":2,"51":2,"52":1,"53":1,"54":2,"55":1,"56":1,"57":1,"58":2,"59":2,"60":1,"61":1,"62":1},"b":{"0":[3,0],"1":[3,0],"2":[0,3],"3":[1,2],"4":[2,0],"5":[2,0],"6":[2,0],"7":[2,0],"8":[0,3],"9":[1,2],"10":[2,0],"11":[2,0],"12":[2,0],"13":[2,0],"14":[0,3],"15":[1,2],"16":[2,0],"17":[2,0],"18":[1,0],"19":[1,0],"20":[0,2],"21":[0,2],"22":[2,0],"23":[2,0],"24":[1,2],"25":[1,2],"26":[1,0],"27":[1,0],"28":[0,3],"29":[2,1],"30":[1,0],"31":[1,0],"32":[0,2],"33":[2,0],"34":[1,0],"35":[0,2],"36":[1,0],"37":[1,1],"38":[1,0],"39":[1,1],"40":[1,1]},"meta":{"lastBranch":41,"lastFunction":63,"lastStatement":219,"seen":{"f:14:2:14:10":0,"s:15:21:15:Infinity":0,"s:16:4:16:Infinity":1,"s:17:4:17:Infinity":2,"s:18:4:18:Infinity":3,"f:22:2:22:9":1,"s:23:4:23:Infinity":4,"f:26:2:26:9":2,"s:27:4:27:Infinity":5,"f:30:2:30:9":3,"s:31:4:31:Infinity":6,"f:34:2:34:9":4,"s:35:4:35:Infinity":7,"s:37:4:39:Infinity":8,"f:37:16:37:25":5,"s:38:6:38:Infinity":9,"f:43:2:43:9":6,"s:44:20:46:Infinity":10,"f:44:48:44:57":7,"s:45:6:45:Infinity":11,"s:47:4:47:Infinity":12,"s:48:4:48:Infinity":13,"s:49:4:49:Infinity":14,"f:53:2:53:9":8,"s:54:16:54:Infinity":15,"b:55:4:59:Infinity:undefined:undefined:undefined:undefined":0,"s:55:4:59:Infinity":16,"s:56:19:56:Infinity":17,"s:57:6:57:Infinity":18,"b:57:14:57:28:57:28:57:Infinity":1,"s:58:6:58:Infinity":19,"s:60:4:60:Infinity":20,"f:63:2:63:9":9,"s:64:20:64:Infinity":21,"s:65:4:77:Infinity":22,"f:65:32:65:41":10,"b:66:6:66:Infinity:undefined:undefined:undefined:undefined":2,"s:66:6:66:Infinity":23,"s:66:23:66:Infinity":24,"s:67:20:67:Infinity":25,"f:67:31:67:42":11,"s:67:53:67:69":26,"b:68:6:76:Infinity:71:13:76:Infinity":3,"s:68:6:76:Infinity":27,"s:69:8:69:Infinity":28,"s:70:8:70:Infinity":29,"b:72:8:74:Infinity:undefined:undefined:undefined:undefined":4,"s:72:8:74:Infinity":30,"s:73:10:73:Infinity":31,"s:75:8:75:Infinity":32,"s:79:4:79:Infinity":33,"s:80:4:80:Infinity":34,"s:81:4:81:Infinity":35,"s:82:4:82:Infinity":36,"f:85:2:85:9":12,"s:86:4:90:Infinity":37,"f:86:32:86:41":13,"b:87:6:89:Infinity:undefined:undefined:undefined:undefined":5,"s:87:6:89:Infinity":38,"s:88:8:88:Infinity":39,"f:88:32:88:40":14,"s:88:51:88:66":40,"s:91:4:91:Infinity":41,"s:92:4:92:Infinity":42,"s:93:4:93:Infinity":43,"f:97:2:97:9":15,"s:98:17:98:Infinity":44,"b:99:4:103:Infinity:undefined:undefined:undefined:undefined":6,"s:99:4:103:Infinity":45,"s:100:19:100:Infinity":46,"s:101:6:101:Infinity":47,"b:101:15:101:30:101:30:101:Infinity":7,"s:102:6:102:Infinity":48,"s:104:4:104:Infinity":49,"f:107:2:107:9":16,"s:108:21:108:Infinity":50,"s:109:4:121:Infinity":51,"f:109:32:109:41":17,"b:110:6:110:Infinity:undefined:undefined:undefined:undefined":8,"s:110:6:110:Infinity":52,"s:110:24:110:Infinity":53,"s:111:20:111:Infinity":54,"f:111:32:111:43":18,"s:111:54:111:71":55,"b:112:6:120:Infinity:115:13:120:Infinity":9,"s:112:6:120:Infinity":56,"s:113:8:113:Infinity":57,"s:114:8:114:Infinity":58,"b:116:8:118:Infinity:undefined:undefined:undefined:undefined":10,"s:116:8:118:Infinity":59,"s:117:10:117:Infinity":60,"s:119:8:119:Infinity":61,"s:123:4:123:Infinity":62,"s:124:4:124:Infinity":63,"s:125:4:125:Infinity":64,"s:126:4:126:Infinity":65,"f:129:2:129:9":19,"s:130:4:134:Infinity":66,"f:130:32:130:41":20,"b:131:6:133:Infinity:undefined:undefined:undefined:undefined":11,"s:131:6:133:Infinity":67,"s:132:8:132:Infinity":68,"f:132:34:132:42":21,"s:132:53:132:69":69,"s:135:4:135:Infinity":70,"s:136:4:136:Infinity":71,"s:137:4:137:Infinity":72,"f:141:2:141:9":22,"s:142:16:142:Infinity":73,"b:143:4:147:Infinity:undefined:undefined:undefined:undefined":12,"s:143:4:147:Infinity":74,"s:144:19:144:Infinity":75,"s:145:6:145:Infinity":76,"b:145:14:145:28:145:28:145:Infinity":13,"s:146:6:146:Infinity":77,"s:148:4:148:Infinity":78,"f:151:2:151:9":23,"s:152:20:152:Infinity":79,"s:153:4:165:Infinity":80,"f:153:32:153:41":24,"b:154:6:154:Infinity:undefined:undefined:undefined:undefined":14,"s:154:6:154:Infinity":81,"s:154:23:154:Infinity":82,"s:155:20:155:Infinity":83,"f:155:31:155:42":25,"s:155:53:155:69":84,"b:156:6:164:Infinity:159:13:164:Infinity":15,"s:156:6:164:Infinity":85,"s:157:8:157:Infinity":86,"s:158:8:158:Infinity":87,"b:160:8:162:Infinity:undefined:undefined:undefined:undefined":16,"s:160:8:162:Infinity":88,"s:161:10:161:Infinity":89,"s:163:8:163:Infinity":90,"s:167:4:167:Infinity":91,"s:168:4:168:Infinity":92,"s:169:4:169:Infinity":93,"s:170:4:170:Infinity":94,"f:173:2:173:9":26,"s:174:4:178:Infinity":95,"f:174:32:174:41":27,"b:175:6:177:Infinity:undefined:undefined:undefined:undefined":17,"s:175:6:177:Infinity":96,"s:176:8:176:Infinity":97,"f:176:32:176:40":28,"s:176:51:176:66":98,"s:179:4:179:Infinity":99,"s:180:4:180:Infinity":100,"s:181:4:181:Infinity":101,"f:185:2:185:9":29,"s:186:19:186:Infinity":102,"b:187:4:191:Infinity:undefined:undefined:undefined:undefined":18,"s:187:4:191:Infinity":103,"s:188:19:188:Infinity":104,"s:189:6:189:Infinity":105,"b:189:17:189:34:189:34:189:Infinity":19,"s:190:6:190:Infinity":106,"s:192:4:192:Infinity":107,"f:195:2:195:9":30,"s:196:23:196:Infinity":108,"s:197:4:209:Infinity":109,"f:197:32:197:41":31,"b:198:6:198:Infinity:undefined:undefined:undefined:undefined":20,"s:198:6:198:Infinity":110,"s:198:26:198:Infinity":111,"s:199:20:199:Infinity":112,"f:199:34:199:45":32,"s:199:56:199:75":113,"b:200:6:208:Infinity:203:13:208:Infinity":21,"s:200:6:208:Infinity":114,"s:201:8:201:Infinity":115,"s:202:8:202:Infinity":116,"b:204:8:206:Infinity:undefined:undefined:undefined:undefined":22,"s:204:8:206:Infinity":117,"s:205:10:205:Infinity":118,"s:207:8:207:Infinity":119,"s:211:4:211:Infinity":120,"s:212:4:212:Infinity":121,"s:213:4:213:Infinity":122,"s:214:4:214:Infinity":123,"f:218:2:218:9":33,"s:219:17:219:Infinity":124,"s:220:4:220:Infinity":125,"b:220:11:220:27:220:27:220:Infinity":23,"f:223:2:223:9":34,"s:224:17:232:Infinity":126,"f:224:45:224:54":35,"b:225:6:225:Infinity:undefined:undefined:undefined:undefined":24,"s:225:6:225:Infinity":127,"s:225:29:225:Infinity":128,"s:226:20:226:Infinity":129,"f:226:37:226:48":36,"s:226:59:226:82":130,"b:227:6:231:Infinity:229:13:231:Infinity":25,"s:227:6:231:Infinity":131,"s:228:8:228:Infinity":132,"s:230:8:230:Infinity":133,"s:233:4:233:Infinity":134,"s:234:4:234:Infinity":135,"s:235:4:235:Infinity":136,"f:239:2:239:9":37,"s:240:20:240:Infinity":137,"b:241:4:245:Infinity:undefined:undefined:undefined:undefined":26,"s:241:4:245:Infinity":138,"s:242:19:242:Infinity":139,"s:243:6:243:Infinity":140,"b:243:18:243:36:243:36:243:Infinity":27,"s:244:6:244:Infinity":141,"s:246:4:246:Infinity":142,"f:249:2:249:9":38,"s:250:4:258:Infinity":143,"f:250:32:250:41":39,"b:251:6:251:Infinity:undefined:undefined:undefined:undefined":28,"s:251:6:251:Infinity":144,"s:251:27:251:Infinity":145,"s:252:20:252:Infinity":146,"f:252:35:252:46":40,"s:252:57:252:76":147,"b:253:6:257:Infinity:255:13:257:Infinity":29,"s:253:6:257:Infinity":148,"s:254:8:254:Infinity":149,"s:256:8:256:Infinity":150,"s:260:4:260:Infinity":151,"s:261:4:261:Infinity":152,"s:262:4:262:Infinity":153,"s:263:4:263:Infinity":154,"f:267:2:267:9":41,"s:268:16:268:Infinity":155,"b:269:4:273:Infinity:undefined:undefined:undefined:undefined":30,"s:269:4:273:Infinity":156,"s:270:19:270:Infinity":157,"s:271:6:271:Infinity":158,"b:271:14:271:28:271:28:271:Infinity":31,"s:272:6:272:Infinity":159,"s:274:4:274:Infinity":160,"f:277:2:277:9":42,"s:278:20:278:Infinity":161,"s:279:4:285:Infinity":162,"f:279:32:279:41":43,"b:280:6:280:Infinity:undefined:undefined:undefined:undefined":32,"s:280:6:280:Infinity":163,"s:280:23:280:Infinity":164,"b:281:6:283:Infinity:undefined:undefined:undefined:undefined":33,"s:281:6:283:Infinity":165,"s:282:8:282:Infinity":166,"s:284:6:284:Infinity":167,"s:287:4:287:Infinity":168,"s:288:4:288:Infinity":169,"s:289:4:289:Infinity":170,"s:290:4:290:Infinity":171,"f:294:2:294:9":44,"s:296:17:296:Infinity":172,"s:297:4:297:Infinity":173,"b:297:11:297:31:297:31:297:Infinity":34,"f:300:2:300:9":45,"s:301:4:304:Infinity":174,"f:301:32:301:41":46,"b:302:6:302:Infinity:undefined:undefined:undefined:undefined":35,"s:302:6:302:Infinity":175,"s:302:29:302:Infinity":176,"s:303:6:303:Infinity":177,"s:306:4:306:Infinity":178,"s:307:4:307:Infinity":179,"s:308:4:308:Infinity":180,"f:312:2:312:9":47,"s:313:17:313:Infinity":181,"s:314:4:314:Infinity":182,"b:314:11:314:31:314:31:314:Infinity":36,"f:317:2:317:9":48,"s:318:4:320:Infinity":183,"f:318:32:318:41":49,"s:319:6:319:Infinity":184,"s:322:4:322:Infinity":185,"f:326:2:326:9":50,"s:327:4:330:Infinity":186,"f:327:32:327:41":51,"b:328:6:328:Infinity:undefined:undefined:undefined:undefined":37,"s:328:6:328:Infinity":187,"s:328:31:328:Infinity":188,"s:329:6:329:Infinity":189,"s:331:4:331:Infinity":190,"s:332:4:332:Infinity":191,"s:333:4:333:Infinity":192,"f:336:2:336:9":52,"s:337:4:343:Infinity":193,"f:337:32:337:41":53,"b:338:6:342:Infinity:undefined:undefined:undefined:undefined":38,"s:338:6:342:Infinity":194,"s:339:8:341:Infinity":195,"f:339:27:339:36":54,"s:340:10:340:Infinity":196,"s:344:4:344:Infinity":197,"s:345:4:345:Infinity":198,"f:349:2:349:9":55,"s:350:17:350:Infinity":199,"s:351:4:351:Infinity":200,"f:354:2:354:9":56,"s:355:4:357:Infinity":201,"f:355:32:355:41":57,"s:356:6:356:Infinity":202,"s:358:4:358:Infinity":203,"s:359:4:359:Infinity":204,"f:363:2:363:9":58,"s:364:20:364:Infinity":205,"b:365:4:368:Infinity:undefined:undefined:undefined:undefined":39,"s:365:4:368:Infinity":206,"s:366:6:366:Infinity":207,"s:367:6:367:Infinity":208,"s:369:4:369:Infinity":209,"f:372:2:372:9":59,"s:373:18:373:Infinity":210,"b:374:4:377:Infinity:undefined:undefined:undefined:undefined":40,"s:374:4:377:Infinity":211,"s:375:6:375:Infinity":212,"s:376:6:376:Infinity":213,"s:378:4:378:Infinity":214,"s:383:25:383:Infinity":215,"f:386:16:386:40":60,"s:387:2:387:Infinity":216,"f:390:16:390:24":61,"s:391:2:391:Infinity":217,"f:394:16:394:28":62,"s:395:2:395:Infinity":218},"fnNames":{}}}
,"D:\\lifeos-c\\server\\db\\migrations.ts": {"path":"D:\\lifeos-c\\server\\db\\migrations.ts","statementMap":{"0":{"start":{"line":9,"column":19},"end":{"line":9,"column":null}},"1":{"start":{"line":10,"column":2},"end":{"line":10,"column":null}},"2":{"start":{"line":10,"column":17},"end":{"line":10,"column":null}},"3":{"start":{"line":12,"column":8},"end":{"line":12,"column":null}},"4":{"start":{"line":14,"column":2},"end":{"line":16,"column":null}},"5":{"start":{"line":15,"column":4},"end":{"line":15,"column":null}},"6":{"start":{"line":17,"column":2},"end":{"line":19,"column":null}},"7":{"start":{"line":18,"column":4},"end":{"line":18,"column":null}},"8":{"start":{"line":20,"column":2},"end":{"line":22,"column":null}},"9":{"start":{"line":21,"column":4},"end":{"line":21,"column":null}},"10":{"start":{"line":23,"column":2},"end":{"line":25,"column":null}},"11":{"start":{"line":24,"column":4},"end":{"line":24,"column":null}},"12":{"start":{"line":26,"column":2},"end":{"line":28,"column":null}},"13":{"start":{"line":27,"column":4},"end":{"line":27,"column":null}},"14":{"start":{"line":29,"column":2},"end":{"line":31,"column":null}},"15":{"start":{"line":30,"column":4},"end":{"line":30,"column":null}},"16":{"start":{"line":32,"column":2},"end":{"line":34,"column":null}},"17":{"start":{"line":33,"column":4},"end":{"line":33,"column":null}},"18":{"start":{"line":35,"column":2},"end":{"line":37,"column":null}},"19":{"start":{"line":36,"column":4},"end":{"line":36,"column":null}},"20":{"start":{"line":38,"column":2},"end":{"line":40,"column":null}},"21":{"start":{"line":39,"column":4},"end":{"line":39,"column":null}},"22":{"start":{"line":41,"column":2},"end":{"line":43,"column":null}},"23":{"start":{"line":42,"column":4},"end":{"line":42,"column":null}},"24":{"start":{"line":44,"column":2},"end":{"line":46,"column":null}},"25":{"start":{"line":45,"column":4},"end":{"line":45,"column":null}},"26":{"start":{"line":47,"column":2},"end":{"line":58,"column":null}},"27":{"start":{"line":48,"column":4},"end":{"line":57,"column":null}}},"fnMap":{"0":{"name":"runRetroactiveMigration","decl":{"start":{"line":8,"column":16},"end":{"line":8,"column":40}},"loc":{"start":{"line":8,"column":81},"end":{"line":59,"column":null}},"line":8}},"branchMap":{"0":{"loc":{"start":{"line":10,"column":2},"end":{"line":10,"column":null}},"type":"if","locations":[{"start":{"line":10,"column":2},"end":{"line":10,"column":null}},{"start":{},"end":{}}],"line":10},"1":{"loc":{"start":{"line":14,"column":2},"end":{"line":16,"column":null}},"type":"if","locations":[{"start":{"line":14,"column":2},"end":{"line":16,"column":null}},{"start":{},"end":{}}],"line":14},"2":{"loc":{"start":{"line":15,"column":29},"end":{"line":15,"column":null}},"type":"binary-expr","locations":[{"start":{"line":15,"column":29},"end":{"line":15,"column":51}},{"start":{"line":15,"column":51},"end":{"line":15,"column":null}}],"line":15},"3":{"loc":{"start":{"line":17,"column":2},"end":{"line":19,"column":null}},"type":"if","locations":[{"start":{"line":17,"column":2},"end":{"line":19,"column":null}},{"start":{},"end":{}}],"line":17},"4":{"loc":{"start":{"line":17,"column":6},"end":{"line":17,"column":62}},"type":"binary-expr","locations":[{"start":{"line":17,"column":6},"end":{"line":17,"column":29}},{"start":{"line":17,"column":29},"end":{"line":17,"column":62}}],"line":17},"5":{"loc":{"start":{"line":18,"column":25},"end":{"line":18,"column":null}},"type":"binary-expr","locations":[{"start":{"line":18,"column":25},"end":{"line":18,"column":43}},{"start":{"line":18,"column":43},"end":{"line":18,"column":null}}],"line":18},"6":{"loc":{"start":{"line":20,"column":2},"end":{"line":22,"column":null}},"type":"if","locations":[{"start":{"line":20,"column":2},"end":{"line":22,"column":null}},{"start":{},"end":{}}],"line":20},"7":{"loc":{"start":{"line":20,"column":6},"end":{"line":20,"column":54}},"type":"binary-expr","locations":[{"start":{"line":20,"column":6},"end":{"line":20,"column":25}},{"start":{"line":20,"column":25},"end":{"line":20,"column":54}}],"line":20},"8":{"loc":{"start":{"line":21,"column":21},"end":{"line":21,"column":null}},"type":"binary-expr","locations":[{"start":{"line":21,"column":21},"end":{"line":21,"column":35}},{"start":{"line":21,"column":35},"end":{"line":21,"column":null}}],"line":21},"9":{"loc":{"start":{"line":23,"column":2},"end":{"line":25,"column":null}},"type":"if","locations":[{"start":{"line":23,"column":2},"end":{"line":25,"column":null}},{"start":{},"end":{}}],"line":23},"10":{"loc":{"start":{"line":23,"column":6},"end":{"line":23,"column":56}},"type":"binary-expr","locations":[{"start":{"line":23,"column":6},"end":{"line":23,"column":26}},{"start":{"line":23,"column":26},"end":{"line":23,"column":56}}],"line":23},"11":{"loc":{"start":{"line":24,"column":22},"end":{"line":24,"column":null}},"type":"binary-expr","locations":[{"start":{"line":24,"column":22},"end":{"line":24,"column":37}},{"start":{"line":24,"column":37},"end":{"line":24,"column":null}}],"line":24},"12":{"loc":{"start":{"line":26,"column":2},"end":{"line":28,"column":null}},"type":"if","locations":[{"start":{"line":26,"column":2},"end":{"line":28,"column":null}},{"start":{},"end":{}}],"line":26},"13":{"loc":{"start":{"line":26,"column":6},"end":{"line":26,"column":54}},"type":"binary-expr","locations":[{"start":{"line":26,"column":6},"end":{"line":26,"column":25}},{"start":{"line":26,"column":25},"end":{"line":26,"column":54}}],"line":26},"14":{"loc":{"start":{"line":27,"column":21},"end":{"line":27,"column":null}},"type":"binary-expr","locations":[{"start":{"line":27,"column":21},"end":{"line":27,"column":35}},{"start":{"line":27,"column":35},"end":{"line":27,"column":null}}],"line":27},"15":{"loc":{"start":{"line":29,"column":2},"end":{"line":31,"column":null}},"type":"if","locations":[{"start":{"line":29,"column":2},"end":{"line":31,"column":null}},{"start":{},"end":{}}],"line":29},"16":{"loc":{"start":{"line":29,"column":6},"end":{"line":29,"column":60}},"type":"binary-expr","locations":[{"start":{"line":29,"column":6},"end":{"line":29,"column":28}},{"start":{"line":29,"column":28},"end":{"line":29,"column":60}}],"line":29},"17":{"loc":{"start":{"line":30,"column":24},"end":{"line":30,"column":null}},"type":"binary-expr","locations":[{"start":{"line":30,"column":24},"end":{"line":30,"column":41}},{"start":{"line":30,"column":41},"end":{"line":30,"column":null}}],"line":30},"18":{"loc":{"start":{"line":32,"column":2},"end":{"line":34,"column":null}},"type":"if","locations":[{"start":{"line":32,"column":2},"end":{"line":34,"column":null}},{"start":{},"end":{}}],"line":32},"19":{"loc":{"start":{"line":32,"column":6},"end":{"line":32,"column":54}},"type":"binary-expr","locations":[{"start":{"line":32,"column":6},"end":{"line":32,"column":25}},{"start":{"line":32,"column":25},"end":{"line":32,"column":54}}],"line":32},"20":{"loc":{"start":{"line":33,"column":21},"end":{"line":33,"column":null}},"type":"binary-expr","locations":[{"start":{"line":33,"column":21},"end":{"line":33,"column":35}},{"start":{"line":33,"column":35},"end":{"line":33,"column":null}}],"line":33},"21":{"loc":{"start":{"line":35,"column":2},"end":{"line":37,"column":null}},"type":"if","locations":[{"start":{"line":35,"column":2},"end":{"line":37,"column":null}},{"start":{},"end":{}}],"line":35},"22":{"loc":{"start":{"line":35,"column":6},"end":{"line":35,"column":60}},"type":"binary-expr","locations":[{"start":{"line":35,"column":6},"end":{"line":35,"column":28}},{"start":{"line":35,"column":28},"end":{"line":35,"column":60}}],"line":35},"23":{"loc":{"start":{"line":36,"column":24},"end":{"line":36,"column":null}},"type":"binary-expr","locations":[{"start":{"line":36,"column":24},"end":{"line":36,"column":41}},{"start":{"line":36,"column":41},"end":{"line":36,"column":null}}],"line":36},"24":{"loc":{"start":{"line":38,"column":2},"end":{"line":40,"column":null}},"type":"if","locations":[{"start":{"line":38,"column":2},"end":{"line":40,"column":null}},{"start":{},"end":{}}],"line":38},"25":{"loc":{"start":{"line":38,"column":6},"end":{"line":38,"column":90}},"type":"binary-expr","locations":[{"start":{"line":38,"column":6},"end":{"line":38,"column":43}},{"start":{"line":38,"column":43},"end":{"line":38,"column":90}}],"line":38},"26":{"loc":{"start":{"line":39,"column":39},"end":{"line":39,"column":null}},"type":"binary-expr","locations":[{"start":{"line":39,"column":39},"end":{"line":39,"column":71}},{"start":{"line":39,"column":71},"end":{"line":39,"column":null}}],"line":39},"27":{"loc":{"start":{"line":41,"column":2},"end":{"line":43,"column":null}},"type":"if","locations":[{"start":{"line":41,"column":2},"end":{"line":43,"column":null}},{"start":{},"end":{}}],"line":41},"28":{"loc":{"start":{"line":41,"column":6},"end":{"line":41,"column":76}},"type":"binary-expr","locations":[{"start":{"line":41,"column":6},"end":{"line":41,"column":36}},{"start":{"line":41,"column":36},"end":{"line":41,"column":76}}],"line":41},"29":{"loc":{"start":{"line":42,"column":32},"end":{"line":42,"column":null}},"type":"binary-expr","locations":[{"start":{"line":42,"column":32},"end":{"line":42,"column":57}},{"start":{"line":42,"column":57},"end":{"line":42,"column":null}}],"line":42},"30":{"loc":{"start":{"line":44,"column":2},"end":{"line":46,"column":null}},"type":"if","locations":[{"start":{"line":44,"column":2},"end":{"line":46,"column":null}},{"start":{},"end":{}}],"line":44},"31":{"loc":{"start":{"line":47,"column":2},"end":{"line":58,"column":null}},"type":"if","locations":[{"start":{"line":47,"column":2},"end":{"line":58,"column":null}},{"start":{},"end":{}}],"line":47}},"s":{"0":58,"1":58,"2":1,"3":57,"4":57,"5":0,"6":57,"7":2,"8":57,"9":1,"10":57,"11":3,"12":57,"13":2,"14":57,"15":2,"16":57,"17":2,"18":57,"19":1,"20":57,"21":0,"22":57,"23":1,"24":57,"25":1,"26":57,"27":0},"f":{"0":58},"b":{"0":[1,57],"1":[0,57],"2":[0,0],"3":[2,55],"4":[57,56],"5":[2,0],"6":[1,56],"7":[57,56],"8":[1,0],"9":[3,54],"10":[57,55],"11":[3,0],"12":[2,55],"13":[57,55],"14":[2,0],"15":[2,55],"16":[57,56],"17":[2,0],"18":[2,55],"19":[57,55],"20":[2,0],"21":[1,56],"22":[57,57],"23":[1,0],"24":[0,57],"25":[57,57],"26":[0,0],"27":[1,56],"28":[57,57],"29":[1,0],"30":[1,56],"31":[0,57]},"meta":{"lastBranch":32,"lastFunction":1,"lastStatement":28,"seen":{"f:8:16:8:40":0,"s:9:19:9:Infinity":0,"b:10:2:10:Infinity:undefined:undefined:undefined:undefined":0,"s:10:2:10:Infinity":1,"s:10:17:10:Infinity":2,"s:12:8:12:Infinity":3,"b:14:2:1
[...]
,"D:\\lifeos-c\\server\\security\\audit.ts": {"path":"D:\\lifeos-c\\server\\security\\audit.ts","statementMap":{"0":{"start":{"line":15,"column":23},"end":{"line":19,"column":null}},"1":{"start":{"line":21,"column":2},"end":{"line":31,"column":null}},"2":{"start":{"line":22,"column":4},"end":{"line":25,"column":null}},"3":{"start":{"line":27,"column":4},"end":{"line":30,"column":null}}},"fnMap":{"0":{"name":"recordAuditEvent","decl":{"start":{"line":14,"column":16},"end":{"line":14,"column":33}},"loc":{"start":{"line":14,"column":61},"end":{"line":32,"column":null}},"line":14}},"branchMap":{"0":{"loc":{"start":{"line":21,"column":2},"end":{"line":31,"column":null}},"type":"if","locations":[{"start":{"line":21,"column":2},"end":{"line":31,"column":null}},{"start":{"line":26,"column":9},"end":{"line":31,"column":null}}],"line":21},"1":{"loc":{"start":{"line":23,"column":75},"end":{"line":23,"column":99}},"type":"binary-expr","locations":[{"start":{"line":23,"column":75},"end":{"line":23,"column":91}},{"start":{"line":23,"column":91},"end":{"line":23,"column":99}}],"line":23},"2":{"loc":{"start":{"line":23,"column":128},"end":{"line":23,"column":147}},"type":"binary-expr","locations":[{"start":{"line":23,"column":128},"end":{"line":23,"column":145}},{"start":{"line":23,"column":145},"end":{"line":23,"column":147}}],"line":23},"3":{"loc":{"start":{"line":28,"column":75},"end":{"line":28,"column":null}},"type":"binary-expr","locations":[{"start":{"line":28,"column":75},"end":{"line":28,"column":91}},{"start":{"line":28,"column":91},"end":{"line":28,"column":null}}],"line":28}},"s":{"0":4,"1":4,"2":2,"3":2},"f":{"0":4},"b":{"0":[2,2],"1":[2,1],"2":[2,1],"3":[2,1]},"meta":{"lastBranch":4,"lastFunction":1,"lastStatement":4,"seen":{"f:14:16:14:33":0,"s:15:23:19:Infinity":0,"b:21:2:31:Infinity:26:9:31:Infinity":0,"s:21:2:31:Infinity":1,"s:22:4:25:Infinity":2,"b:23:75:23:91:23:91:23:99":1,"b:23:128:23:145:23:145:23:147":2,"s:27:4:30:Infinity":3,"b:28:75:28:91:28:91:28:Infinity":3},"fnNames":{}}}
,"D:\\lifeos-c\\server\\security\\csrf.ts": {"path":"D:\\lifeos-c\\server\\security\\csrf.ts","statementMap":{"0":{"start":{"line":8,"column":2},"end":{"line":8,"column":null}},"1":{"start":{"line":16,"column":22},"end":{"line":16,"column":null}},"2":{"start":{"line":17,"column":2},"end":{"line":19,"column":null}},"3":{"start":{"line":18,"column":4},"end":{"line":18,"column":null}},"4":{"start":{"line":21,"column":22},"end":{"line":21,"column":null}},"5":{"start":{"line":24,"column":35},"end":{"line":24,"column":null}},"6":{"start":{"line":25,"column":23},"end":{"line":25,"column":null}},"7":{"start":{"line":26,"column":2},"end":{"line":33,"column":null}},"8":{"start":{"line":27,"column":20},"end":{"line":31,"column":null}},"9":{"start":{"line":28,"column":20},"end":{"line":28,"column":null}},"10":{"start":{"line":29,"column":6},"end":{"line":29,"column":null}},"11":{"start":{"line":30,"column":6},"end":{"line":30,"column":null}},"12":{"start":{"line":32,"column":4},"end":{"line":32,"column":null}},"13":{"start":{"line":35,"column":2},"end":{"line":37,"column":null}},"14":{"start":{"line":36,"column":4},"end":{"line":36,"column":null}},"15":{"start":{"line":39,"column":2},"end":{"line":39,"column":null}}},"fnMap":{"0":{"name":"generateCsrfToken","decl":{"start":{"line":7,"column":16},"end":{"line":7,"column":44}},"loc":{"start":{"line":7,"column":44},"end":{"line":9,"column":null}},"line":7},"1":{"name":"validateCsrfToken","decl":{"start":{"line":15,"column":16},"end":{"line":15,"column":34}},"loc":{"start":{"line":15,"column":57},"end":{"line":40,"column":null}},"line":15},"2":{"name":"(anonymous_2)","decl":{"start":{"line":27,"column":44},"end":{"line":27,"column":52}},"loc":{"start":{"line":27,"column":87},"end":{"line":31,"column":7}},"line":27}},"branchMap":{"0":{"loc":{"start":{"line":17,"column":2},"end":{"line":19,"column":null}},"type":"if","locations":[{"start":{"line":17,"column":2},"end":{"line":19,"column":null}},{"start":{},"end":{}}],"line":17},"1":{"loc":{"start":{"line":26,"column":2},"end":{"line":33,"column":null}},"type":"if","locations":[{"start":{"line":26,"column":2},"end":{"line":33,"column":null}},{"start":{},"end":{}}],"line":26},"2":{"loc":{"start":{"line":29,"column":29},"end":{"line":29,"column":null}},"type":"cond-expr","locations":[{"start":{"line":29,"column":40},"end":{"line":29,"column":58}},{"start":{"line":29,"column":58},"end":{"line":29,"column":null}}],"line":29},"3":{"loc":{"start":{"line":32,"column":18},"end":{"line":32,"column":null}},"type":"binary-expr","locations":[{"start":{"line":32,"column":18},"end":{"line":32,"column":43}},{"start":{"line":32,"column":43},"end":{"line":32,"column":null}}],"line":32},"4":{"loc":{"start":{"line":35,"column":2},"end":{"line":37,"column":null}},"type":"if","locations":[{"start":{"line":35,"column":2},"end":{"line":37,"column":null}},{"start":{},"end":{}}],"line":35},"5":{"loc":{"start":{"line":35,"column":6},"end":{"line":35,"column":36}},"type":"binary-expr","locations":[{"start":{"line":35,"column":6},"end":{"line":35,"column":22}},{"start":{"line":35,"column":22},"end":{"line":35,"column":36}}],"line":35}},"s":{"0":1,"1":13,"2":13,"3":5,"4":8,"5":8,"6":8,"7":8,"8":6,"9":8,"10":8,"11":8,"12":6,"13":8,"14":4,"15":4},"f":{"0":1,"1":13,"2":8},"b":{"0":[5,8],"1":[6,2],"2":[7,1],"3":[6,1],"4":[4,4],"5":[8,5]},"meta":{"lastBranch":6,"lastFunction":3,"lastStatement":16,"seen":{"f:7:16:7:44":0,"s:8:2:8:Infinity":0,"f:15:16:15:34":1,"s:16:22:16:Infinity":1,"b:17:2:19:Infinity:undefined:undefined:undefined:undefined":0,"s:17:2:19:Infinity":2,"s:18:4:18:Infinity":3,"s:21:22:21:Infinity":4,"s:24:35:24:Infinity":5,"s:25:23:25:Infinity":6,"b:26:2:33:Infinity:undefined:undefined:undefined:undefined":1,"s:26:2:33:Infinity":7,"s:27:20:31:Infinity":8,"f:27:44:27:52":2,"s:28:20:28:Infinity":9,"s:29:6:29:Infinity":10,"b:29:40:29:58:29:58:29:Infinity":2,"s:30:6:30:Infinity":11,"s:32:4:32:Infinity":12,"b:32:18:32:43:32:43:32:Infinity":3,"b:35:2:37:Infinity:undefined:undefined:undefined:undefined":4,"s:35:2:37:Infinity":13,"b:35:6:35:22:35:22:35:36":5,"s:36:4:36:Infinity":14,"s:39:2:39:Infinity":15},"fnNames":{}}}
,"D:\\lifeos-c\\server\\security\\env.ts": {"path":"D:\\lifeos-c\\server\\security\\env.ts","statementMap":{"0":{"start":{"line":5,"column":0},"end":{"line":5,"column":null}},"1":{"start":{"line":7,"column":18},"end":{"line":18,"column":null}},"2":{"start":{"line":10,"column":54},"end":{"line":10,"column":71}},"3":{"start":{"line":15,"column":58},"end":{"line":15,"column":75}},"4":{"start":{"line":20,"column":15},"end":{"line":20,"column":null}},"5":{"start":{"line":22,"column":0},"end":{"line":26,"column":null}},"6":{"start":{"line":23,"column":2},"end":{"line":23,"column":null}},"7":{"start":{"line":24,"column":2},"end":{"line":24,"column":null}},"8":{"start":{"line":25,"column":2},"end":{"line":25,"column":null}},"9":{"start":{"line":28,"column":19},"end":{"line":28,"column":null}}},"fnMap":{"0":{"name":"(anonymous_0)","decl":{"start":{"line":10,"column":35},"end":{"line":10,"column":46}},"loc":{"start":{"line":10,"column":54},"end":{"line":10,"column":71}},"line":10},"1":{"name":"(anonymous_1)","decl":{"start":{"line":15,"column":39},"end":{"line":15,"column":50}},"loc":{"start":{"line":15,"column":58},"end":{"line":15,"column":75}},"line":15}},"branchMap":{"0":{"loc":{"start":{"line":22,"column":0},"end":{"line":26,"column":null}},"type":"if","locations":[{"start":{"line":22,"column":0},"end":{"line":26,"column":null}},{"start":{},"end":{}}],"line":22}},"s":{"0":2,"1":2,"2":2,"3":2,"4":2,"5":2,"6":0,"7":0,"8":0,"9":2},"f":{"0":2,"1":2},"b":{"0":[0,2]},"meta":{"lastBranch":1,"lastFunction":2,"lastStatement":10,"seen":{"s:5:0:5:Infinity":0,"s:7:18:18:Infinity":1,"f:10:35:10:46":0,"s:10:54:10:71":2,"f:15:39:15:50":1,"s:15:58:15:75":3,"s:20:15:20:Infinity":4,"b:22:0:26:Infinity:undefined:undefined:undefined:undefined":0,"s:22:0:26:Infinity":5,"s:23:2:23:Infinity":6,"s:24:2:24:Infinity":7,"s:25:2:25:Infinity":8,"s:28:19:28:Infinity":9},"fnNames":{}}}
,"D:\\lifeos-c\\server\\security\\index.ts": {"path":"D:\\lifeos-c\\server\\security\\index.ts","statementMap":{},"fnMap":{},"branchMap":{},"s":{},"f":{},"b":{},"meta":{"lastBranch":0,"lastFunction":0,"lastStatement":0,"seen":{},"fnNames":{}}}
,"D:\\lifeos-c\\server\\security\\jwt.ts": {"path":"D:\\lifeos-c\\server\\security\\jwt.ts","statementMap":{"0":{"start":{"line":14,"column":2},"end":{"line":17,"column":null}},"1":{"start":{"line":24,"column":2},"end":{"line":27,"column":null}},"2":{"start":{"line":34,"column":2},"end":{"line":36,"column":null}}},"fnMap":{"0":{"name":"generateAccessToken","decl":{"start":{"line":13,"column":16},"end":{"line":13,"column":36}},"loc":{"start":{"line":13,"column":67},"end":{"line":18,"column":null}},"line":13},"1":{"name":"generateRefreshToken","decl":{"start":{"line":23,"column":16},"end":{"line":23,"column":37}},"loc":{"start":{"line":23,"column":68},"end":{"line":28,"column":null}},"line":23},"2":{"name":"verifyToken","decl":{"start":{"line":33,"column":16},"end":{"line":33,"column":28}},"loc":{"start":{"line":33,"column":57},"end":{"line":37,"column":null}},"line":33}},"branchMap":{},"s":{"0":2,"1":1,"2":4},"f":{"0":2,"1":1,"2":4},"b":{},"meta":{"lastBranch":0,"lastFunction":3,"lastStatement":3,"seen":{"f:13:16:13:36":0,"s:14:2:17:Infinity":0,"f:23:16:23:37":1,"s:24:2:27:Infinity":1,"f:33:16:33:28":2,"s:34:2:36:Infinity":2},"fnNames":{}}}
,"D:\\lifeos-c\\server\\security\\password.ts": {"path":"D:\\lifeos-c\\server\\security\\password.ts","statementMap":{"0":{"start":{"line":4,"column":23},"end":{"line":4,"column":null}},"1":{"start":{"line":10,"column":2},"end":{"line":10,"column":null}},"2":{"start":{"line":17,"column":2},"end":{"line":21,"column":null}},"3":{"start":{"line":18,"column":4},"end":{"line":20,"column":null}},"4":{"start":{"line":22,"column":2},"end":{"line":22,"column":null}},"5":{"start":{"line":29,"column":2},"end":{"line":29,"column":null}}},"fnMap":{"0":{"name":"validatePasswordStrength","decl":{"start":{"line":9,"column":16},"end":{"line":9,"column":41}},"loc":{"start":{"line":9,"column":68},"end":{"line":11,"column":null}},"line":9},"1":{"name":"hashPassword","decl":{"start":{"line":16,"column":22},"end":{"line":16,"column":35}},"loc":{"start":{"line":16,"column":70},"end":{"line":23,"column":null}},"line":16},"2":{"name":"verifyPassword","decl":{"start":{"line":28,"column":22},"end":{"line":28,"column":37}},"loc":{"start":{"line":28,"column":87},"end":{"line":30,"column":null}},"line":28}},"branchMap":{"0":{"loc":{"start":{"line":17,"column":2},"end":{"line":21,"column":null}},"type":"if","locations":[{"start":{"line":17,"column":2},"end":{"line":21,"column":null}},{"start":{},"end":{}}],"line":17}},"s":{"0":2,"1":16,"2":4,"3":1,"4":3,"5":2},"f":{"0":16,"1":4,"2":2},"b":{"0":[1,3]},"meta":{"lastBranch":1,"lastFunction":3,"lastStatement":6,"seen":{"s:4:23:4:Infinity":0,"f:9:16:9:41":0,"s:10:2:10:Infinity":1,"f:16:22:16:35":1,"b:17:2:21:Infinity:undefined:undefined:undefined:undefined":0,"s:17:2:21:Infinity":2,"s:18:4:20:Infinity":3,"s:22:2:22:Infinity":4,"f:28:22:28:37":2,"s:29:2:29:Infinity":5},"fnNames":{}}}
,"D:\\lifeos-c\\server\\security\\permissions.ts": {"path":"D:\\lifeos-c\\server\\security\\permissions.ts","statementMap":{"0":{"start":{"line":3,"column":60},"end":{"line":7,"column":null}},"1":{"start":{"line":13,"column":22},"end":{"line":13,"column":null}},"2":{"start":{"line":14,"column":2},"end":{"line":14,"column":null}}},"fnMap":{"0":{"name":"hasPermission","decl":{"start":{"line":12,"column":16},"end":{"line":12,"column":30}},"loc":{"start":{"line":12,"column":75},"end":{"line":15,"column":null}},"line":12}},"branchMap":{"0":{"loc":{"start":{"line":14,"column":9},"end":{"line":14,"column":null}},"type":"cond-expr","locations":[{"start":{"line":14,"column":23},"end":{"line":14,"column":58}},{"start":{"line":14,"column":58},"end":{"line":14,"column":null}}],"line":14}},"s":{"0":2,"1":16,"2":16},"f":{"0":16},"b":{"0":[15,1]},"meta":{"lastBranch":1,"lastFunction":1,"lastStatement":3,"seen":{"s:3:60:7:Infinity":0,"f:12:16:12:30":0,"s:13:22:13:Infinity":1,"s:14:2:14:Infinity":2,"b:14:23:14:58:14:58:14:Infinity":0},"fnNames":{}}}
,"D:\\lifeos-c\\server\\security\\sanitizer.ts": {"path":"D:\\lifeos-c\\server\\security\\sanitizer.ts","statementMap":{"0":{"start":{"line":5,"column":2},"end":{"line":16,"column":null}},"1":{"start":{"line":6,"column":4},"end":{"line":15,"column":null}},"2":{"start":{"line":18,"column":2},"end":{"line":29,"column":null}},"3":{"start":{"line":19,"column":4},"end":{"line":21,"column":null}},"4":{"start":{"line":20,"column":6},"end":{"line":20,"column":null}},"5":{"start":{"line":22,"column":42},"end":{"line":22,"column":null}},"6":{"start":{"line":23,"column":4},"end":{"line":27,"column":null}},"7":{"start":{"line":25,"column":22},"end":{"line":25,"column":null}},"8":{"start":{"line":26,"column":6},"end":{"line":26,"column":null}},"9":{"start":{"line":28,"column":4},"end":{"line":28,"column":null}},"10":{"start":{"line":31,"column":2},"end":{"line":31,"column":null}}},"fnMap":{"0":{"name":"deepSanitize","decl":{"start":{"line":4,"column":16},"end":{"line":4,"column":29}},"loc":{"start":{"line":4,"column":44},"end":{"line":32,"column":null}},"line":4}},"branchMap":{"0":{"loc":{"start":{"line":5,"column":2},"end":{"line":16,"column":null}},"type":"if","locations":[{"start":{"line":5,"column":2},"end":{"line":16,"column":null}},{"start":{},"end":{}}],"line":5},"1":{"loc":{"start":{"line":18,"column":2},"end":{"line":29,"column":null}},"type":"if","locations":[{"start":{"line":18,"column":2},"end":{"line":29,"column":null}},{"start":{},"end":{}}],"line":18},"2":{"loc":{"start":{"line":18,"column":6},"end":{"line":18,"column":47}},"type":"binary-expr","locations":[{"start":{"line":18,"column":6},"end":{"line":18,"column":33}},{"start":{"line":18,"column":33},"end":{"line":18,"column":47}}],"line":18},"3":{"loc":{"start":{"line":19,"column":4},"end":{"line":21,"column":null}},"type":"if","locations":[{"start":{"line":19,"column":4},"end":{"line":21,"column":null}},{"start":{},"end":{}}],"line":19},"4":{"loc":{"start":{"line":25,"column":22},"end":{"line":25,"column":null}},"type":"cond-expr","locations":[{"start":{"line":25,"column":44},"end":{"line":25,"column":69}},{"start":{"line":25,"column":69},"end":{"line":25,"column":null}}],"line":25}},"s":{"0":29,"1":12,"2":17,"3":12,"4":1,"5":11,"6":11,"7":14,"8":14,"9":11,"10":5},"f":{"0":29},"b":{"0":[12,17],"1":[12,5],"2":[17,13],"3":[1,11],"4":[3,11]},"meta":{"lastBranch":5,"lastFunction":1,"lastStatement":11,"seen":{"f:4:16:4:29":0,"b:5:2:16:Infinity:undefined:undefined:undefined:undefined":0,"s:5:2:16:Infinity":0,"s:6:4:15:Infinity":1,"b:18:2:29:Infinity:undefined:undefined:undefined:undefined":1,"s:18:2:29:Infinity":2,"b:18:6:18:33:18:33:18:47":2,"b:19:4:21:Infinity:undefined:undefined:undefined:undefined":3,"s:19:4:21:Infinity":3,"s:20:6:20:Infinity":4,"s:22:42:22:Infinity":5,"s:23:4:27:Infinity":6,"s:25:22:25:Infinity":7,"b:25:44:25:69:25:69:25:Infinity":4,"s:26:6:26:Infinity":8,"s:28:4:28:Infinity":9,"s:31:2:31:Infinity":10},"fnNames":{}}}
,"D:\\lifeos-c\\server\\security\\secrets.ts": {"path":"D:\\lifeos-c\\server\\security\\secrets.ts","statementMap":{"0":{"start":{"line":8,"column":2},"end":{"line":8,"column":null}},"1":{"start":{"line":10,"column":2},"end":{"line":18,"column":null}},"2":{"start":{"line":11,"column":21},"end":{"line":11,"column":null}},"3":{"start":{"line":12,"column":4},"end":{"line":17,"column":null}},"4":{"start":{"line":13,"column":6},"end":{"line":13,"column":null}},"5":{"start":{"line":14,"column":6},"end":{"line":14,"column":null}},"6":{"start":{"line":16,"column":6},"end":{"line":16,"column":null}},"7":{"start":{"line":20,"column":2},"end":{"line":22,"column":null}},"8":{"start":{"line":21,"column":4},"end":{"line":21,"column":null}},"9":{"start":{"line":24,"column":2},"end":{"line":24,"column":null}}},"fnMap":{"0":{"name":"auditSecrets","decl":{"start":{"line":7,"column":16},"end":{"line":7,"column":37}},"loc":{"start":{"line":7,"column":37},"end":{"line":25,"column":null}},"line":7}},"branchMap":{"0":{"loc":{"start":{"line":10,"column":2},"end":{"line":18,"column":null}},"type":"if","locations":[{"start":{"line":10,"column":2},"end":{"line":18,"column":null}},{"start":{},"end":{}}],"line":10},"1":{"loc":{"start":{"line":12,"column":4},"end":{"line":17,"column":null}},"type":"if","locations":[{"start":{"line":12,"column":4},"end":{"line":17,"column":null}},{"start":{"line":15,"column":11},"end":{"line":17,"column":null}}],"line":12},"2":{"loc":{"start":{"line":20,"column":2},"end":{"line":22,"column":null}},"type":"if","locations":[{"start":{"line":20,"column":2},"end":{"line":22,"column":null}},{"start":{},"end":{}}],"line":20}},"s":{"0":4,"1":4,"2":2,"3":2,"4":1,"5":1,"6":1,"7":4,"8":1,"9":4},"f":{"0":4},"b":{"0":[2,2],"1":[1,1],"2":[1,3]},"meta":{"lastBranch":3,"lastFunction":1,"lastStatement":10,"seen":{"f:7:16:7:37":0,"s:8:2:8:Infinity":0,"b:10:2:18:Infinity:undefined:undefined:undefined:undefined":0,"s:10:2:18:Infinity":1,"s:11:21:11:Infinity":2,"b:12:4:17:Infinity:15:11:17:Infinity":1,"s:12:4:17:Infinity":3,"s:13:6:13:Infinity":4,"s:14:6:14:Infinity":5,"s:16:6:16:Infinity":6,"b:20:2:22:Infinity:undefined:undefined:undefined:undefined":2,"s:20:2:22:Infinity":7,"s:21:4:21:Infinity":8,"s:24:2:24:Infinity":9},"fnNames":{}}}
,"D:\\lifeos-c\\server\\validators\\expense.schema.ts": {"path":"D:\\lifeos-c\\server\\validators\\expense.schema.ts","statementMap":{"0":{"start":{"line":3,"column":29},"end":{"line":11,"column":null}},"1":{"start":{"line":13,"column":28},"end":{"line":18,"column":null}}},"fnMap":{},"branchMap":{},"s":{"0":1,"1":1},"f":{},"b":{},"meta":{"lastBranch":0,"lastFunction":0,"lastStatement":2,"seen":{"s:3:29:11:Infinity":0,"s:13:28:18:Infinity":1},"fnNames":{}}}
,"D:\\lifeos-c\\server\\validators\\task.schema.ts": {"path":"D:\\lifeos-c\\server\\validators\\task.schema.ts","statementMap":{"0":{"start":{"line":3,"column":26},"end":{"line":14,"column":null}}},"fnMap":{},"branchMap":{},"s":{"0":1},"f":{},"b":{},"meta":{"lastBranch":0,"lastFunction":0,"lastStatement":1,"seen":{"s:3:26:14:Infinity":0},"fnNames":{}}}
}
